2016-10-05 14:14:06,695 - ITSdriver - ERROR - Unable to log in via ITSdriver
2016-10-05 14:49:37,262 - ITSdriver - ERROR - Unable to log in via ITSdriver
2016-10-05 16:27:22,605 - ITSdriver - ERROR - Unable to log in via ITSdriver
2016-10-05 16:28:13,191 - ITSdriver - ERROR - Unable to log in via ITSdriver
2016-10-05 17:27:09,897 - ITSdriver - ERROR - Unable to log in via ITSdriver
2016-10-06 00:49:09,606 - ITSdriver - ERROR - Unable new shift: ['TempTake'] ['Adam', 'Mrowca'] 1900-01-01 15:00:00
2016-10-06 00:52:00,098 - ITSdriver - ERROR - Unable new shift: ['TempTake'] ['Adam', 'Mrowca'] 1900-01-01 15:00:00
2016-10-06 00:54:04,612 - ITSdriver - ERROR - Unable new shift: ['TempTake'] ['Adam', 'Mrowca'] 1900-01-01 15:00:00
2016-10-06 10:48:03,002 - ITSdriver - ERROR - Unable new shift: ['TempTake'] ['Adam', 'Mrowca'] 1900-01-01 15:00:00
2016-10-06 10:51:32,926 - ITSdriver - ERROR - Unable to grab shift because unable to select: ['TempTake'] ['Adam', 'Mrowca'] 1900-01-01 15:00:00
2016-10-06 10:56:22,124 - ITSdriver - ERROR - Unable to grab shift because unable to select: ['TempTake'] ['Adam', 'Mrowca'] 1900-01-01 15:00:00
2016-10-06 10:57:02,146 - ITSdriver - ERROR - Unable to grab shift because unable to select: ['TempTake'] ['Adam', 'Mrowca'] 1900-01-01 15:00:00
2016-10-06 12:33:43,977 - ITSdriver - INFO - <class '__main__.ITSdriver'> object initialized
2016-10-06 12:33:43,980 - ITSdriver - INFO - ITSdriver logging in to ITS punchcard
2016-10-06 12:33:45,659 - ITSdriver - INFO - ITS punchcard session initialized
2016-10-06 12:33:48,706 - ITSdriver - INFO - Login Session Initialized
2016-10-06 12:33:48,706 - ITSdriver - INFO - Grabbing new shift: ['TempTake'] ['Adam', 'Mrowca'] 1900-01-01 15:00:00
2016-10-06 12:33:49,357 - ITSdriver - INFO - Going to location: schedule
2016-10-06 12:33:49,372 - ITSdriver - INFO - Navigating calendar to 1900-10-07 00:00:00
2016-10-06 12:33:49,916 - ITSdriver - INFO - Going to location: schedule
2016-10-06 12:33:49,939 - ITSdriver - INFO - Navigating ITS calendar to: 07-Oct-1900
2016-10-06 12:33:50,187 - ITSdriver - INFO - Current date: October-6-2016
2016-10-06 12:33:50,188 - ITSdriver - INFO - Moving 0 months
2016-10-06 12:33:52,342 - ITSdriver - INFO - Selecting day 7
2016-10-06 12:33:54,449 - ITSdriver - INFO - Current date: October-7-2016
2016-10-06 12:33:54,449 - ITSdriver - INFO - Checking prescence of shift
2016-10-06 12:33:55,607 - ITSdriver - ERROR - Unable to grab shift because unable to select: ['TempTake'] ['Adam', 'Mrowca'] 1900-01-01 15:00:00
2016-10-06 12:34:59,888 - ITSdriver - INFO - <class '__main__.ITSdriver'> object initialized
2016-10-06 12:34:59,889 - ITSdriver - INFO - ITSdriver logging in to ITS punchcard
2016-10-06 12:35:01,612 - ITSdriver - INFO - ITS punchcard session initialized
2016-10-06 12:35:03,291 - ITSdriver - INFO - Login Session Initialized
2016-10-06 12:35:03,292 - ITSdriver - INFO - Grabbing new shift: ['TempTake'] ['Adam', 'Mrowca'] 1900-01-01 15:00:00
2016-10-06 12:35:03,837 - ITSdriver - INFO - Going to location: schedule
2016-10-06 12:35:03,854 - ITSdriver - INFO - Navigating calendar to 1900-10-07 00:00:00
2016-10-06 12:35:05,819 - ITSdriver - INFO - Going to location: schedule
2016-10-06 12:35:05,844 - ITSdriver - INFO - Navigating ITS calendar to: 07-Oct-1900
2016-10-06 12:35:06,066 - ITSdriver - INFO - Current date: October-6-2016
2016-10-06 12:35:06,066 - ITSdriver - INFO - Moving 0 months
2016-10-06 12:35:08,333 - ITSdriver - INFO - Selecting day 7
2016-10-06 12:35:10,833 - ITSdriver - INFO - Current date: October-7-2016
2016-10-06 12:35:10,834 - ITSdriver - INFO - Checking prescence of shift
2016-10-06 12:35:12,153 - ITSdriver - ERROR - Unable to grab shift because unable to select: ['TempTake'] ['Adam', 'Mrowca'] 1900-01-01 15:00:00
2016-10-06 12:36:38,491 - ITSdriver - INFO - <class '__main__.ITSdriver'> object initialized
2016-10-06 12:36:38,495 - ITSdriver - INFO - ITSdriver logging in to ITS punchcard
2016-10-06 12:36:40,436 - ITSdriver - INFO - ITS punchcard session initialized
2016-10-06 12:36:42,605 - ITSdriver - INFO - Login Session Initialized
2016-10-06 12:36:42,606 - ITSdriver - INFO - Grabbing new shift: ['TempTake'] ['Adam', 'Mrowca'] 1900-01-01 15:00:00
2016-10-06 12:36:43,140 - ITSdriver - INFO - Going to location: schedule
2016-10-06 12:36:43,156 - ITSdriver - INFO - Navigating calendar to 1900-10-07 00:00:00
2016-10-06 12:36:43,695 - ITSdriver - INFO - Going to location: schedule
2016-10-06 12:36:43,714 - ITSdriver - INFO - Navigating ITS calendar to: 07-Oct-1900
2016-10-06 12:36:43,969 - ITSdriver - INFO - Current date: October-6-2016
2016-10-06 12:36:43,970 - ITSdriver - INFO - Moving 0 months
2016-10-06 12:36:46,128 - ITSdriver - INFO - Selecting day 7
2016-10-06 12:36:48,604 - ITSdriver - INFO - Current date: October-7-2016
2016-10-06 12:36:48,605 - ITSdriver - INFO - Checking prescence of shift
2016-10-06 12:36:49,924 - ITSdriver - WARNING - No actions can be performed on shift. Shift is taken
2016-10-06 12:36:49,925 - ITSdriver - ERROR - Unable to grab shift because unable to select: ['TempTake'] ['Adam', 'Mrowca'] 1900-01-01 15:00:00
2016-10-06 12:37:22,628 - ITSdriver - INFO - <class '__main__.ITSdriver'> object initialized
2016-10-06 12:37:22,629 - ITSdriver - INFO - ITSdriver logging in to ITS punchcard
2016-10-06 12:37:24,418 - ITSdriver - INFO - ITS punchcard session initialized
2016-10-06 12:37:26,355 - ITSdriver - INFO - Login Session Initialized
2016-10-06 12:37:26,356 - ITSdriver - INFO - Grabbing new shift: ['TempTake'] ['Adam', 'Mrowca'] 1900-01-01 15:00:00
2016-10-06 12:37:27,095 - ITSdriver - INFO - Going to location: schedule
2016-10-06 12:37:27,140 - ITSdriver - INFO - Navigating calendar to 1900-10-07 00:00:00
2016-10-06 12:37:28,899 - ITSdriver - INFO - Going to location: schedule
2016-10-06 12:37:28,918 - ITSdriver - INFO - Navigating ITS calendar to: 07-Oct-1900
2016-10-06 12:37:29,124 - ITSdriver - INFO - Current date: October-6-2016
2016-10-06 12:37:29,125 - ITSdriver - INFO - Moving 0 months
2016-10-06 12:37:31,314 - ITSdriver - INFO - Selecting day 7
2016-10-06 12:37:33,833 - ITSdriver - INFO - Current date: October-7-2016
2016-10-06 12:37:33,833 - ITSdriver - INFO - Checking prescence of shift
2016-10-06 12:37:35,050 - ITSdriver - WARNING - No actions can be performed on shift. Shift is taken
2016-10-06 12:37:35,051 - ITSdriver - ERROR - Unable to grab shift because unable to select: ['TempTake'] ['Adam', 'Mrowca'] 1900-01-01 15:00:00
2016-10-06 12:38:29,603 - ITSdriver - INFO - <class '__main__.ITSdriver'> object initialized
2016-10-06 12:38:29,604 - ITSdriver - INFO - ITSdriver logging in to ITS punchcard
2016-10-06 12:38:31,593 - ITSdriver - INFO - ITS punchcard session initialized
2016-10-06 12:38:33,836 - ITSdriver - INFO - Login Session Initialized
2016-10-06 12:38:33,837 - ITSdriver - INFO - Grabbing new shift: ['TempTake'] ['Adam', 'Mrowca'] 1900-01-01 15:00:00
2016-10-06 12:38:34,365 - ITSdriver - INFO - Going to location: schedule
2016-10-06 12:38:34,384 - ITSdriver - INFO - Navigating calendar to 1900-10-07 00:00:00
2016-10-06 12:38:34,926 - ITSdriver - INFO - Going to location: schedule
2016-10-06 12:38:34,945 - ITSdriver - INFO - Navigating ITS calendar to: 07-Oct-1900
2016-10-06 12:38:35,177 - ITSdriver - INFO - Current date: October-6-2016
2016-10-06 12:38:35,177 - ITSdriver - INFO - Moving 0 months
2016-10-06 12:38:37,329 - ITSdriver - INFO - Selecting day 7
2016-10-06 12:38:39,737 - ITSdriver - INFO - Current date: October-7-2016
2016-10-06 12:38:39,737 - ITSdriver - INFO - Checking prescence of shift
2016-10-06 12:38:41,130 - ITSdriver - WARNING - No actions can be performed on shift. Shift is taken
2016-10-06 12:38:41,132 - ITSdriver - ERROR - Unable to grab shift because unable to select: ['TempTake'] ['Adam', 'Mrowca'] 1900-01-01 15:00:00
2016-10-06 12:38:52,379 - ITSdriver - INFO - <class '__main__.ITSdriver'> object initialized
2016-10-06 12:38:52,381 - ITSdriver - INFO - ITSdriver logging in to ITS punchcard
2016-10-06 12:38:54,000 - ITSdriver - INFO - ITS punchcard session initialized
2016-10-06 12:38:55,901 - ITSdriver - INFO - Login Session Initialized
2016-10-06 12:38:55,901 - ITSdriver - INFO - Grabbing new shift: ['TempTake'] ['Adam', 'Mrowca'] 1900-01-01 15:00:00
2016-10-06 12:38:56,638 - ITSdriver - INFO - Going to location: schedule
2016-10-06 12:38:56,652 - ITSdriver - INFO - Navigating calendar to 1900-10-07 00:00:00
2016-10-06 12:38:57,179 - ITSdriver - INFO - Going to location: schedule
2016-10-06 12:38:57,194 - ITSdriver - INFO - Navigating ITS calendar to: 07-Oct-1900
2016-10-06 12:38:57,374 - ITSdriver - INFO - Current date: October-6-2016
2016-10-06 12:38:57,375 - ITSdriver - INFO - Moving 0 months
2016-10-06 12:38:59,583 - ITSdriver - INFO - Selecting day 7
2016-10-06 12:39:01,711 - ITSdriver - INFO - Current date: October-7-2016
2016-10-06 12:39:01,712 - ITSdriver - INFO - Checking prescence of shift
2016-10-06 12:39:03,325 - ITSdriver - WARNING - No actions can be performed on shift. Shift is taken
2016-10-06 12:39:03,326 - ITSdriver - ERROR - Unable to grab shift because unable to select: ['TempTake'] ['Adam', 'Mrowca'] 1900-01-01 15:00:00
2016-10-06 12:40:24,740 - ITSdriver - INFO - <class '__main__.ITSdriver'> object initialized
2016-10-06 12:40:24,741 - ITSdriver - INFO - ITSdriver logging in to ITS punchcard
2016-10-06 12:40:25,932 - ITSdriver - INFO - ITS punchcard session initialized
2016-10-06 12:40:27,574 - ITSdriver - INFO - Login Session Initialized
2016-10-06 12:40:27,575 - ITSdriver - INFO - Grabbing new shift: ['TempTake'] ['Adam', 'Mrowca'] 1900-01-01 15:00:00
2016-10-06 12:40:28,104 - ITSdriver - INFO - Going to location: schedule
2016-10-06 12:40:28,165 - ITSdriver - INFO - Navigating calendar to 1900-10-07 00:00:00
2016-10-06 12:40:28,694 - ITSdriver - INFO - Going to location: schedule
2016-10-06 12:40:28,715 - ITSdriver - INFO - Navigating ITS calendar to: 07-Oct-1900
2016-10-06 12:40:28,909 - ITSdriver - INFO - Current date: October-6-2016
2016-10-06 12:40:28,910 - ITSdriver - INFO - Moving 0 months
2016-10-06 12:40:31,111 - ITSdriver - INFO - Selecting day 7
2016-10-06 12:40:33,471 - ITSdriver - INFO - Current date: October-7-2016
2016-10-06 12:40:33,472 - ITSdriver - INFO - Checking prescence of shift
2016-10-06 12:41:55,528 - ITSdriver - INFO - <class '__main__.ITSdriver'> object initialized
2016-10-06 12:41:55,530 - ITSdriver - INFO - ITSdriver logging in to ITS punchcard
2016-10-06 12:41:57,104 - ITSdriver - INFO - ITS punchcard session initialized
2016-10-06 12:41:59,524 - ITSdriver - INFO - Login Session Initialized
2016-10-06 12:41:59,525 - ITSdriver - INFO - Grabbing new shift: ['TempTake'] ['Adam', 'Mrowca'] 1900-01-01 15:00:00
2016-10-06 12:42:06,892 - ITSdriver - INFO - Going to location: schedule
2016-10-06 12:42:06,929 - ITSdriver - INFO - Navigating calendar to 1900-10-07 00:00:00
2016-10-06 12:42:07,501 - ITSdriver - INFO - Going to location: schedule
2016-10-06 12:42:07,523 - ITSdriver - INFO - Navigating ITS calendar to: 07-Oct-1900
2016-10-06 12:42:07,770 - ITSdriver - INFO - Current date: October-6-2016
2016-10-06 12:42:07,770 - ITSdriver - INFO - Moving 0 months
2016-10-06 12:42:10,031 - ITSdriver - INFO - Selecting day 7
2016-10-06 12:42:12,331 - ITSdriver - INFO - Current date: October-7-2016
2016-10-06 12:42:12,332 - ITSdriver - INFO - Checking prescence of shift
2016-10-06 12:42:13,716 - ITSdriver - WARNING - No actions can be performed on shift. Shift is taken
2016-10-06 12:42:13,717 - ITSdriver - ERROR - Unable to grab shift because unable to select: ['TempTake'] ['Adam', 'Mrowca'] 1900-01-01 15:00:00
2016-10-06 12:43:21,549 - ITSdriver - INFO - <class '__main__.ITSdriver'> object initialized
2016-10-06 12:43:21,550 - ITSdriver - INFO - ITSdriver logging in to ITS punchcard
2016-10-06 12:43:22,450 - ITSdriver - INFO - ITS punchcard session initialized
2016-10-06 12:43:24,838 - ITSdriver - INFO - Login Session Initialized
2016-10-06 12:43:24,838 - ITSdriver - INFO - Grabbing new shift: ['TempTake'] ['Adam', 'Mrowca'] 1900-01-01 15:00:00
2016-10-06 12:43:25,475 - ITSdriver - INFO - Going to location: schedule
2016-10-06 12:43:25,512 - ITSdriver - INFO - Navigating calendar to 1900-10-07 00:00:00
2016-10-06 12:43:26,240 - ITSdriver - INFO - Going to location: schedule
2016-10-06 12:43:26,260 - ITSdriver - INFO - Navigating ITS calendar to: 07-Oct-1900
2016-10-06 12:43:26,471 - ITSdriver - INFO - Current date: October-6-2016
2016-10-06 12:43:26,471 - ITSdriver - INFO - Moving 0 months
2016-10-06 12:43:28,587 - ITSdriver - INFO - Selecting day 7
2016-10-06 12:43:30,682 - ITSdriver - INFO - Current date: October-7-2016
2016-10-06 12:43:30,682 - ITSdriver - INFO - Checking prescence of shift
2016-10-06 12:43:32,443 - ITSdriver - WARNING - No actions can be performed on shift. Shift is taken
2016-10-06 12:43:32,449 - ITSdriver - ERROR - Unable to grab shift because unable to select: ['TempTake'] ['Adam', 'Mrowca'] 1900-01-01 15:00:00
2016-10-06 12:44:19,020 - ITSdriver - INFO - <class '__main__.ITSdriver'> object initialized
2016-10-06 12:44:19,021 - ITSdriver - INFO - ITSdriver logging in to ITS punchcard
2016-10-06 12:44:20,395 - ITSdriver - INFO - ITS punchcard session initialized
2016-10-06 12:44:22,342 - ITSdriver - INFO - Login Session Initialized
2016-10-06 12:44:22,343 - ITSdriver - INFO - Grabbing new shift: ['TempTake'] ['Adam', 'Mrowca'] 1900-01-01 15:00:00
2016-10-06 12:44:22,862 - ITSdriver - INFO - Going to location: schedule
2016-10-06 12:44:22,888 - ITSdriver - INFO - Navigating calendar to 1900-10-07 00:00:00
2016-10-06 12:44:23,450 - ITSdriver - INFO - Going to location: schedule
2016-10-06 12:44:23,474 - ITSdriver - INFO - Navigating ITS calendar to: 07-Oct-1900
2016-10-06 12:44:23,739 - ITSdriver - INFO - Current date: October-6-2016
2016-10-06 12:44:23,739 - ITSdriver - INFO - Moving 0 months
2016-10-06 12:44:25,958 - ITSdriver - INFO - Selecting day 7
2016-10-06 12:44:31,901 - ITSdriver - INFO - Current date: October-7-2016
2016-10-06 12:44:31,902 - ITSdriver - INFO - Checking prescence of shift
2016-10-06 12:44:33,336 - ITSdriver - WARNING - No actions can be performed on shift. Shift is taken
2016-10-06 12:44:33,338 - ITSdriver - ERROR - Unable to grab shift because unable to select: ['TempTake'] ['Adam', 'Mrowca'] 1900-01-01 15:00:00
2016-10-06 12:46:18,889 - ITSdriver - INFO - <class '__main__.ITSdriver'> object initialized
2016-10-06 12:46:18,892 - ITSdriver - INFO - ITSdriver logging in to ITS punchcard
2016-10-06 12:46:20,617 - ITSdriver - INFO - ITS punchcard session initialized
2016-10-06 12:46:22,754 - ITSdriver - INFO - Login Session Initialized
2016-10-06 12:46:22,755 - ITSdriver - INFO - Grabbing new shift: ['TempTake'] ['Adam', 'Mrowca'] 1900-01-01 15:00:00
2016-10-06 12:46:23,308 - ITSdriver - INFO - Going to location: schedule
2016-10-06 12:46:23,333 - ITSdriver - INFO - Navigating calendar to 1900-10-07 00:00:00
2016-10-06 12:46:23,878 - ITSdriver - INFO - Going to location: schedule
2016-10-06 12:46:23,904 - ITSdriver - INFO - Navigating ITS calendar to: 07-Oct-1900
2016-10-06 12:46:24,174 - ITSdriver - INFO - Current date: October-6-2016
2016-10-06 12:46:24,174 - ITSdriver - INFO - Moving 0 months
2016-10-06 12:46:26,368 - ITSdriver - INFO - Selecting day 7
2016-10-06 12:46:28,521 - ITSdriver - INFO - Current date: October-7-2016
2016-10-06 12:46:28,521 - ITSdriver - INFO - Checking prescence of shift
2016-10-06 12:48:07,197 - ITSdriver - INFO - <class '__main__.ITSdriver'> object initialized
2016-10-06 12:48:07,201 - ITSdriver - INFO - ITSdriver logging in to ITS punchcard
2016-10-06 12:48:09,741 - ITSdriver - INFO - ITS punchcard session initialized
2016-10-06 12:48:12,568 - ITSdriver - INFO - Login Session Initialized
2016-10-06 12:48:12,568 - ITSdriver - INFO - Grabbing new shift: ['TempTake'] ['Adam', 'Mrowca'] 1900-01-01 15:00:00
2016-10-06 12:48:13,808 - ITSdriver - INFO - Going to location: schedule
2016-10-06 12:48:13,830 - ITSdriver - INFO - Navigating calendar to 1900-10-07 00:00:00
2016-10-06 12:48:14,773 - ITSdriver - INFO - Going to location: schedule
2016-10-06 12:48:14,797 - ITSdriver - INFO - Navigating ITS calendar to: 07-Oct-1900
2016-10-06 12:48:15,043 - ITSdriver - INFO - Current date: October-6-2016
2016-10-06 12:48:15,043 - ITSdriver - INFO - Moving 0 months
2016-10-06 12:48:17,117 - ITSdriver - INFO - Selecting day 7
2016-10-06 12:48:19,234 - ITSdriver - INFO - Current date: October-7-2016
2016-10-06 12:48:19,234 - ITSdriver - INFO - Checking prescence of shift
2016-10-06 12:49:26,584 - ITSdriver - INFO - <class '__main__.ITSdriver'> object initialized
2016-10-06 12:49:26,585 - ITSdriver - INFO - ITSdriver logging in to ITS punchcard
2016-10-06 12:49:29,116 - ITSdriver - INFO - ITS punchcard session initialized
2016-10-06 12:49:30,851 - ITSdriver - INFO - Login Session Initialized
2016-10-06 12:49:30,851 - ITSdriver - INFO - Grabbing new shift: ['TempTake'] ['Adam', 'Mrowca'] 1900-01-01 15:00:00
2016-10-06 12:49:32,513 - ITSdriver - INFO - Going to location: schedule
2016-10-06 12:49:32,534 - ITSdriver - INFO - Navigating calendar to 1900-10-07 00:00:00
2016-10-06 12:49:33,660 - ITSdriver - INFO - Going to location: schedule
2016-10-06 12:49:33,683 - ITSdriver - INFO - Navigating ITS calendar to: 07-Oct-1900
2016-10-06 12:49:33,916 - ITSdriver - INFO - Current date: October-6-2016
2016-10-06 12:49:33,916 - ITSdriver - INFO - Moving 0 months
2016-10-06 12:49:36,181 - ITSdriver - INFO - Selecting day 7
2016-10-06 12:49:38,452 - ITSdriver - INFO - Current date: October-7-2016
2016-10-06 12:49:38,453 - ITSdriver - INFO - Checking prescence of shift
2016-10-06 12:52:29,602 - ITSdriver - INFO - <class '__main__.ITSdriver'> object initialized
2016-10-06 12:52:29,606 - ITSdriver - INFO - ITSdriver logging in to ITS punchcard
2016-10-06 12:52:31,095 - ITSdriver - INFO - ITS punchcard session initialized
2016-10-06 12:52:34,061 - ITSdriver - INFO - Login Session Initialized
2016-10-06 12:52:34,061 - ITSdriver - INFO - Grabbing new shift: ['TempTake'] ['Adam', 'Mrowca'] 1900-01-01 15:00:00
2016-10-06 12:52:34,609 - ITSdriver - INFO - Going to location: schedule
2016-10-06 12:52:34,628 - ITSdriver - INFO - Navigating calendar to 1900-10-07 00:00:00
2016-10-06 12:52:35,180 - ITSdriver - INFO - Going to location: schedule
2016-10-06 12:52:35,202 - ITSdriver - INFO - Navigating ITS calendar to: 07-Oct-1900
2016-10-06 12:52:35,458 - ITSdriver - INFO - Current date: October-6-2016
2016-10-06 12:52:35,458 - ITSdriver - INFO - Moving 0 months
2016-10-06 12:52:37,594 - ITSdriver - INFO - Selecting day 7
2016-10-06 12:52:40,090 - ITSdriver - INFO - Current date: October-7-2016
2016-10-06 12:52:40,091 - ITSdriver - INFO - Checking prescence of shift
2016-10-06 12:54:02,517 - ITSdriver - INFO - <class '__main__.ITSdriver'> object initialized
2016-10-06 12:54:02,518 - ITSdriver - INFO - ITSdriver logging in to ITS punchcard
2016-10-06 12:54:03,272 - ITSdriver - INFO - ITS punchcard session initialized
2016-10-06 12:54:05,136 - ITSdriver - INFO - Login Session Initialized
2016-10-06 12:54:05,137 - ITSdriver - INFO - Grabbing new shift: ['TempTake'] ['Adam', 'Mrowca'] 1900-01-01 15:00:00
2016-10-06 12:54:06,667 - ITSdriver - INFO - Going to location: schedule
2016-10-06 12:54:06,689 - ITSdriver - INFO - Navigating calendar to 1900-10-07 00:00:00
2016-10-06 12:54:07,311 - ITSdriver - INFO - Going to location: schedule
2016-10-06 12:54:07,368 - ITSdriver - INFO - Navigating ITS calendar to: 07-Oct-1900
2016-10-06 12:54:07,654 - ITSdriver - INFO - Current date: October-6-2016
2016-10-06 12:54:07,655 - ITSdriver - INFO - Moving 0 months
2016-10-06 12:54:09,866 - ITSdriver - INFO - Selecting day 7
2016-10-06 12:54:12,304 - ITSdriver - INFO - Current date: October-7-2016
2016-10-06 12:54:12,305 - ITSdriver - INFO - Checking prescence of shift
2016-10-06 12:54:12,910 - ITSdriver - WARNING - Action TempTake cannot be performed on shift. Action not available
2016-10-06 12:54:12,910 - ITSdriver - ERROR - Unable to grab shift because unable to select: ['TempTake'] ['Adam', 'Mrowca'] 1900-01-01 15:00:00
2016-10-06 12:55:34,519 - ITSdriver - INFO - <class '__main__.ITSdriver'> object initialized
2016-10-06 12:55:34,523 - ITSdriver - INFO - ITSdriver logging in to ITS punchcard
2016-10-06 12:55:35,330 - ITSdriver - INFO - ITS punchcard session initialized
2016-10-06 12:55:37,402 - ITSdriver - INFO - Login Session Initialized
2016-10-06 12:55:37,403 - ITSdriver - INFO - Grabbing new shift: ['TempTake'] ['Adam', 'Mrowca'] 1900-01-01 14:00:00
2016-10-06 12:55:37,936 - ITSdriver - INFO - Going to location: schedule
2016-10-06 12:55:37,953 - ITSdriver - INFO - Navigating calendar to 1900-10-07 00:00:00
2016-10-06 12:55:39,542 - ITSdriver - INFO - Going to location: schedule
2016-10-06 12:55:39,569 - ITSdriver - INFO - Navigating ITS calendar to: 07-Oct-1900
2016-10-06 12:55:39,835 - ITSdriver - INFO - Current date: October-6-2016
2016-10-06 12:55:39,836 - ITSdriver - INFO - Moving 0 months
2016-10-06 12:55:42,000 - ITSdriver - INFO - Selecting day 7
2016-10-06 12:55:44,331 - ITSdriver - INFO - Current date: October-7-2016
2016-10-06 12:55:44,333 - ITSdriver - INFO - Checking prescence of shift
2016-10-06 12:55:44,835 - ITSdriver - WARNING - Action TempTake cannot be performed on shift. Action not available
2016-10-06 12:55:44,835 - ITSdriver - ERROR - Unable to grab shift because unable to select: ['TempTake'] ['Adam', 'Mrowca'] 1900-01-01 14:00:00
2016-10-06 12:56:26,812 - ITSdriver - INFO - <class '__main__.ITSdriver'> object initialized
2016-10-06 12:56:26,816 - ITSdriver - INFO - ITSdriver logging in to ITS punchcard
2016-10-06 12:56:28,035 - ITSdriver - INFO - ITS punchcard session initialized
2016-10-06 12:56:30,130 - ITSdriver - INFO - Login Session Initialized
2016-10-06 12:56:30,131 - ITSdriver - INFO - Grabbing new shift: ['TempTake'] ['Adam', 'Mrowca'] 1900-01-01 14:00:00
2016-10-06 12:56:30,818 - ITSdriver - INFO - Going to location: schedule
2016-10-06 12:56:30,835 - ITSdriver - INFO - Navigating calendar to 1900-10-07 00:00:00
2016-10-06 12:56:31,469 - ITSdriver - INFO - Going to location: schedule
2016-10-06 12:56:31,493 - ITSdriver - INFO - Navigating ITS calendar to: 07-Oct-1900
2016-10-06 12:56:31,735 - ITSdriver - INFO - Current date: October-6-2016
2016-10-06 12:56:31,736 - ITSdriver - INFO - Moving 0 months
2016-10-06 12:56:34,617 - ITSdriver - INFO - Selecting day 7
2016-10-06 12:56:36,826 - ITSdriver - INFO - Current date: October-7-2016
2016-10-06 12:56:36,826 - ITSdriver - INFO - Checking prescence of shift
2016-10-06 12:56:44,986 - ITSdriver - INFO - Shift Successfully grabbed
2016-10-06 15:45:18,863 - ITSdriver - INFO - <class '__main__.ITSdriver'> object initialized
2016-10-06 15:45:18,867 - ITSdriver - INFO - ITSdriver logging in to ITS punchcard
2016-10-06 15:45:19,914 - ITSdriver - INFO - ITS punchcard session initialized
2016-10-06 15:45:21,987 - ITSdriver - INFO - Login Session Initialized
2016-10-06 15:45:21,988 - ITSdriver - INFO - Grabbing new shift: ['TempTake'] ['Adam', 'Mrowca'] 1900-01-01 14:00:00
2016-10-06 15:45:22,521 - ITSdriver - INFO - Going to location: schedule
2016-10-06 15:45:22,539 - ITSdriver - INFO - Navigating calendar to 1900-10-07 00:00:00
2016-10-06 15:45:23,068 - ITSdriver - INFO - Going to location: schedule
2016-10-06 15:45:23,092 - ITSdriver - INFO - Navigating ITS calendar to: 07-Oct-1900
2016-10-06 15:45:23,319 - ITSdriver - INFO - Current date: October-6-2016
2016-10-06 15:45:23,320 - ITSdriver - INFO - Moving 0 months
2016-10-06 15:45:25,444 - ITSdriver - INFO - Selecting day 7
2016-10-06 15:45:27,559 - ITSdriver - INFO - Current date: October-7-2016
2016-10-06 15:45:27,560 - ITSdriver - INFO - Checking prescence of shift
2016-10-06 15:45:28,077 - ITSdriver - WARNING - Action TempTake cannot be performed on shift. Action not available
2016-10-06 15:45:28,078 - ITSdriver - ERROR - Unable to grab shift because unable to select: ['TempTake'] ['Adam', 'Mrowca'] 1900-01-01 14:00:00
2016-10-06 15:59:35,479 - ITSdriver - INFO - <class '__main__.ITSdriver'> object initialized
2016-10-06 15:59:35,480 - ITSdriver - INFO - ITSdriver logging in to ITS punchcard
2016-10-06 15:59:36,038 - ITSdriver - INFO - ITS punchcard session initialized
2016-10-06 15:59:37,839 - ITSdriver - INFO - Login Session Initialized
2016-10-06 15:59:37,839 - ITSdriver - INFO - Grabbing new shift: ['TempTake'] ['Adam', 'Mrowca'] 1900-01-01 14:00:00
2016-10-06 15:59:39,367 - ITSdriver - INFO - Going to location: schedule
2016-10-06 15:59:39,389 - ITSdriver - INFO - Navigating calendar to 1900-10-07 00:00:00
2016-10-06 15:59:39,936 - ITSdriver - INFO - Going to location: schedule
2016-10-06 15:59:39,955 - ITSdriver - INFO - Navigating ITS calendar to: 07-Oct-1900
2016-10-06 15:59:40,187 - ITSdriver - INFO - Current date: October-6-2016
2016-10-06 15:59:40,188 - ITSdriver - INFO - Moving 0 months
2016-10-06 15:59:42,315 - ITSdriver - INFO - Selecting day 7
2016-10-06 15:59:44,291 - ITSdriver - INFO - Current date: October-7-2016
2016-10-06 15:59:44,291 - ITSdriver - INFO - Checking prescence of shift
2016-10-06 15:59:44,966 - ITSdriver - WARNING - Action TempTake cannot be performed on shift. Action not available
2016-10-06 15:59:44,967 - ITSdriver - ERROR - Unable to grab shift because unable to select: ['TempTake'] ['Adam', 'Mrowca'] 1900-01-01 14:00:00
2016-10-06 16:01:24,244 - ITSdriver - INFO - <class '__main__.ITSdriver'> object initialized
2016-10-06 16:01:24,245 - ITSdriver - INFO - ITSdriver logging in to ITS punchcard
2016-10-06 16:01:24,716 - ITSdriver - INFO - ITS punchcard session initialized
2016-10-06 16:01:26,503 - ITSdriver - INFO - Login Session Initialized
2016-10-06 16:01:26,504 - ITSdriver - INFO - Grabbing new shift: ['TempTake'] ['Adam', 'Mrowca'] 1900-01-01 14:00:00
2016-10-06 16:01:27,027 - ITSdriver - INFO - Going to location: schedule
2016-10-06 16:01:27,048 - ITSdriver - INFO - Navigating calendar to 1900-10-07 00:00:00
2016-10-06 16:01:27,578 - ITSdriver - INFO - Going to location: schedule
2016-10-06 16:01:27,606 - ITSdriver - INFO - Navigating ITS calendar to: 07-Oct-1900
2016-10-06 16:01:27,822 - ITSdriver - INFO - Current date: October-6-2016
2016-10-06 16:01:27,822 - ITSdriver - INFO - Moving 0 months
2016-10-06 16:01:29,985 - ITSdriver - INFO - Selecting day 7
2016-10-06 16:01:32,031 - ITSdriver - INFO - Current date: October-7-2016
2016-10-06 16:01:32,032 - ITSdriver - INFO - Checking prescence of shift
2016-10-06 16:01:38,802 - ITSdriver - INFO - Shift Successfully grabbed
2016-10-06 16:04:05,245 - ITSdriver - INFO - <class '__main__.ITSdriver'> object initialized
2016-10-06 16:04:05,246 - ITSdriver - INFO - ITSdriver logging in to ITS punchcard
2016-10-06 16:04:05,832 - ITSdriver - INFO - ITS punchcard session initialized
2016-10-06 16:04:07,746 - ITSdriver - INFO - Login Session Initialized
2016-10-06 16:04:07,747 - ITSdriver - INFO - Grabbing new shift: ['TempTake'] ['Adam', 'Mrowca'] 1900-01-01 14:00:00
2016-10-06 16:04:08,268 - ITSdriver - INFO - Going to location: schedule
2016-10-06 16:04:08,286 - ITSdriver - INFO - Navigating calendar to 1900-10-07 00:00:00
2016-10-06 16:04:08,809 - ITSdriver - INFO - Going to location: schedule
2016-10-06 16:04:08,839 - ITSdriver - INFO - Navigating ITS calendar to: 07-Oct-1900
2016-10-06 16:04:09,075 - ITSdriver - INFO - Current date: October-6-2016
2016-10-06 16:04:09,076 - ITSdriver - INFO - Moving 0 months
2016-10-06 16:04:11,563 - ITSdriver - INFO - Selecting day 7
2016-10-06 16:04:13,715 - ITSdriver - INFO - Current date: October-7-2016
2016-10-06 16:04:13,716 - ITSdriver - INFO - Checking prescence of shift
2016-10-06 16:04:17,544 - ITSdriver - INFO - Shift Successfully grabbed
2016-10-06 16:06:12,315 - ITSdriver - INFO - <class '__main__.ITSdriver'> object initialized
2016-10-06 16:06:12,316 - ITSdriver - INFO - ITSdriver logging in to ITS punchcard
2016-10-06 16:06:12,826 - ITSdriver - INFO - ITS punchcard session initialized
2016-10-06 16:06:14,950 - ITSdriver - INFO - Login Session Initialized
2016-10-06 16:06:14,951 - ITSdriver - INFO - Grabbing new shift: ['TempTake'] ['Adam', 'Mrowca'] 1900-01-01 14:00:00
2016-10-06 16:06:15,486 - ITSdriver - INFO - Going to location: schedule
2016-10-06 16:06:15,541 - ITSdriver - INFO - Navigating calendar to 1900-10-07 00:00:00
2016-10-06 16:06:16,095 - ITSdriver - INFO - Going to location: schedule
2016-10-06 16:06:16,134 - ITSdriver - INFO - Navigating ITS calendar to: 07-Oct-1900
2016-10-06 16:06:16,380 - ITSdriver - INFO - Current date: October-6-2016
2016-10-06 16:06:16,380 - ITSdriver - INFO - Moving 0 months
2016-10-06 16:06:18,637 - ITSdriver - INFO - Selecting day 7
2016-10-06 16:06:20,586 - ITSdriver - INFO - Current date: October-7-2016
2016-10-06 16:06:20,587 - ITSdriver - INFO - Checking prescence of shift
2016-10-06 16:06:21,211 - ITSdriver - WARNING - Action TempTake cannot be performed on shift. Action not available
2016-10-06 16:06:21,212 - ITSdriver - ERROR - Unable to grab shift because unable to select: ['TempTake'] ['Adam', 'Mrowca'] 1900-01-01 14:00:00
2016-10-06 16:34:19,070 - ITSdriver - INFO - <class '__main__.ITSdriver'> object initialized
2016-10-06 16:34:19,075 - ITSdriver - INFO - ITSdriver logging in to ITS punchcard
2016-10-06 16:34:19,969 - ITSdriver - INFO - ITS punchcard session initialized
2016-10-06 16:34:21,825 - ITSdriver - INFO - Login Session Initialized
2016-10-06 16:34:21,826 - ITSdriver - INFO - Grabbing new shift: ['TempTake'] ['Adam', 'Mrowca'] 1900-01-01 14:00:00
2016-10-06 16:34:23,576 - ITSdriver - INFO - Going to location: schedule
2016-10-06 16:34:23,610 - ITSdriver - INFO - Navigating calendar to 1900-10-07 00:00:00
2016-10-06 16:34:24,540 - ITSdriver - INFO - Going to location: schedule
2016-10-06 16:34:24,564 - ITSdriver - INFO - Navigating ITS calendar to: 07-Oct-1900
2016-10-06 16:34:24,821 - ITSdriver - INFO - Selected date: October-6-2016
2016-10-06 16:34:24,821 - ITSdriver - INFO - Moving 0 months
2016-10-06 16:34:26,858 - ITSdriver - INFO - Selecting day 7
2016-10-06 16:34:29,170 - ITSdriver - INFO - Selected date: October-7-2016
2016-10-06 16:34:29,170 - ITSdriver - INFO - Checking prescence of shift
2016-10-06 16:34:29,627 - ITSdriver - WARNING - Action TempTake cannot be performed on shift. Action not available
2016-10-06 16:34:29,627 - ITSdriver - ERROR - Unable to grab shift because unable to select: ['TempTake'] ['Adam', 'Mrowca'] 1900-01-01 14:00:00
