2016-10-02 21:04:13,500 - outlookclient - INFO - <class '__main__.outlookclient'> object initialized
2016-10-02 21:04:13,501 - outlookclient - INFO - Initializing imap client
2016-10-02 21:04:13,735 - outlookclient - INFO - Attempting login with username and password in config file
2016-10-02 21:04:13,739 - outlookclient - INFO - Attempting login #1.
2016-10-02 21:04:15,765 - outlookclient - INFO - Login Success to outlook.office365.com
2016-10-02 21:04:15,771 - outlookclient - INFO - Getting ITS email ids
2016-10-02 21:04:15,775 - outlookclient - INFO - Attempting select Notes
2016-10-02 21:04:16,174 - outlookclient - INFO - Submitting IMAP search query [None, 'ALL', 'FROM', 'atat@ALBANY.EDU', 'SINCE', '10-Aug-2010', 'BEFORE', '10-Dec-3005']
2016-10-02 21:04:16,484 - outlookclient - INFO - 3375 ids retrieved
2016-10-02 21:04:16,484 - outlookclient - INFO - Fetching 10 emails from 3375 ITS email ids
2016-10-02 21:04:16,485 - outlookclient - INFO - Yielding info from ITS email
2016-10-02 21:04:16,485 - outlookclient - INFO - Iterating through emails for authenticity, and information
2016-10-02 21:04:16,485 - outlookclient - INFO - Fetching 10 emails(s)
2016-10-02 21:04:16,937 - outlookclient - INFO - Fetching success, yielding emails
2016-10-03 20:49:40,137 - outlookclient - INFO - <class '__main__.outlookclient'> object initialized
2016-10-03 20:49:40,138 - outlookclient - INFO - Initializing imap client
2016-10-03 20:49:43,220 - outlookclient - INFO - Attempting login with username and password in config file
2016-10-03 20:49:43,223 - outlookclient - INFO - Attempting login #1.
2016-10-03 20:49:46,001 - outlookclient - INFO - Login Success to outlook.office365.com
2016-10-03 20:49:46,002 - outlookclient - INFO - Getting ITS email ids
2016-10-03 20:49:46,002 - outlookclient - INFO - Attempting select Notes
2016-10-03 20:49:47,033 - outlookclient - INFO - Submitting IMAP search query [None, 'ALL', 'FROM', 'atat@ALBANY.EDU', 'SINCE', '10-Aug-2010', 'BEFORE', '10-Dec-3005']
2016-10-03 20:49:58,725 - outlookclient - INFO - 3375 ids retrieved
2016-10-03 20:49:58,728 - outlookclient - INFO - Fetching 10 emails from 3375 ITS email ids
2016-10-03 20:49:58,729 - outlookclient - INFO - Yielding info from ITS email
2016-10-03 20:49:58,730 - outlookclient - INFO - Iterating through emails for authenticity, and information
2016-10-03 20:49:58,730 - outlookclient - INFO - Fetching 10 emails(s)
2016-10-03 20:50:23,274 - outlookclient - INFO - Fetching success, yielding emails
2016-10-03 20:53:06,238 - outlookclient - INFO - <class '__main__.outlookclient'> object initialized
2016-10-03 20:53:06,238 - outlookclient - INFO - Initializing imap client
2016-10-03 20:53:10,578 - outlookclient - INFO - Attempting login with username and password in config file
2016-10-03 20:53:10,583 - outlookclient - INFO - Attempting login #1.
2016-10-03 20:53:15,078 - outlookclient - INFO - Login Success to outlook.office365.com
2016-10-03 20:53:15,087 - outlookclient - INFO - Getting ITS email ids
2016-10-03 20:53:15,099 - outlookclient - INFO - Attempting select Notes
2016-10-03 20:53:15,900 - outlookclient - INFO - Submitting IMAP search query [None, 'ALL', 'FROM', 'atat@ALBANY.EDU', 'SINCE', '10-Aug-2010', 'BEFORE', '10-Dec-3005']
2016-10-03 20:53:19,224 - outlookclient - INFO - 3375 ids retrieved
2016-10-03 20:53:19,225 - outlookclient - INFO - Creating iter for 10 emails from 3375 ITS email ids
2016-10-03 20:53:19,225 - outlookclient - INFO - Yielding info from ITS email
2016-10-03 20:53:19,225 - outlookclient - INFO - Iterating through emails for authenticity, and information
2016-10-03 20:53:19,226 - outlookclient - INFO - Reduced ids to 10 id(s)
2016-10-03 20:53:34,648 - outlookclient - INFO - Fetching success, yielding 20 emails
2016-10-03 20:56:15,100 - outlookclient - INFO - <class '__main__.outlookclient'> object initialized
2016-10-03 20:56:15,100 - outlookclient - INFO - Initializing imap client
2016-10-03 20:56:17,453 - outlookclient - INFO - Attempting login with username and password in config file
2016-10-03 20:56:17,453 - outlookclient - INFO - Attempting login #1.
2016-10-03 20:56:22,258 - outlookclient - INFO - Login Success to outlook.office365.com
2016-10-03 20:56:22,259 - outlookclient - INFO - Getting ITS email ids
2016-10-03 20:56:22,259 - outlookclient - INFO - Attempting select Notes
2016-10-03 20:56:22,791 - outlookclient - INFO - Submitting IMAP search query [None, 'ALL', 'FROM', 'atat@ALBANY.EDU', 'SINCE', '10-Aug-2010', 'BEFORE', '10-Dec-3005']
2016-10-03 20:56:23,470 - outlookclient - INFO - 3375 ids retrieved
2016-10-03 20:56:23,471 - outlookclient - INFO - Creating iter for 10 emails from 3375 ITS email ids
2016-10-03 20:56:23,471 - outlookclient - INFO - Yielding info from ITS email iterator
2016-10-03 20:56:23,471 - outlookclient - INFO - Iterating through emails for authenticity, and information
2016-10-03 20:56:23,471 - outlookclient - INFO - Reduced ids to 10 id(s)
2016-10-03 20:56:28,134 - outlookclient - INFO - Fetching success, yielding 20 emails
2016-10-03 20:56:57,035 - outlookclient - INFO - <class '__main__.outlookclient'> object initialized
2016-10-03 20:56:57,036 - outlookclient - INFO - Initializing imap client
2016-10-03 20:57:01,278 - outlookclient - INFO - Attempting login with username and password in config file
2016-10-03 20:57:01,279 - outlookclient - INFO - Attempting login #1.
2016-10-03 20:57:03,421 - outlookclient - INFO - Login Success to outlook.office365.com
2016-10-03 20:57:03,422 - outlookclient - INFO - Getting ITS email ids
2016-10-03 20:57:03,422 - outlookclient - INFO - Attempting select Notes
2016-10-03 20:57:03,969 - outlookclient - INFO - Submitting IMAP search query [None, 'ALL', 'FROM', 'atat@ALBANY.EDU', 'SINCE', '10-Aug-2010', 'BEFORE', '10-Dec-3005']
2016-10-03 20:57:05,079 - outlookclient - INFO - 3375 ids retrieved
2016-10-03 20:57:05,079 - outlookclient - INFO - Creating iter for 10 emails from 3375 ITS email ids
2016-10-03 20:57:05,080 - outlookclient - INFO - Yielding info from ITS email iterator
2016-10-03 20:57:05,080 - outlookclient - INFO - Iterating through emails for authenticity, and information
2016-10-03 20:57:05,080 - outlookclient - INFO - Reduced ids to 10 id(s)
2016-10-03 20:57:09,300 - outlookclient - INFO - Fetching success, yielding 20 emails
2016-10-03 20:57:28,035 - outlookclient - INFO - <class '__main__.outlookclient'> object initialized
2016-10-03 20:57:28,036 - outlookclient - INFO - Initializing imap client
2016-10-03 20:57:29,289 - outlookclient - INFO - Attempting login with username and password in config file
2016-10-03 20:57:29,290 - outlookclient - INFO - Attempting login #1.
2016-10-03 20:57:30,869 - outlookclient - INFO - Login Success to outlook.office365.com
2016-10-03 20:57:30,873 - outlookclient - INFO - Getting ITS email ids
2016-10-03 20:57:30,876 - outlookclient - INFO - Attempting select Notes
2016-10-03 20:57:31,480 - outlookclient - INFO - Submitting IMAP search query [None, 'ALL', 'FROM', 'atat@ALBANY.EDU', 'SINCE', '10-Aug-2010', 'BEFORE', '10-Dec-3005']
2016-10-03 20:57:35,186 - outlookclient - INFO - 3375 ids retrieved
2016-10-03 20:57:35,189 - outlookclient - INFO - Creating iter for 10 emails from 3375 ITS email ids
2016-10-03 20:57:35,189 - outlookclient - INFO - Yielding info from ITS email iterator
2016-10-03 20:57:35,190 - outlookclient - INFO - Iterating through emails for authenticity, and information
2016-10-03 20:57:35,190 - outlookclient - INFO - Reduced ids to 10 id(s)
2016-10-03 20:57:49,315 - outlookclient - INFO - Fetching success, yielding 20 emails
2016-10-03 20:57:59,037 - outlookclient - INFO - <class '__main__.outlookclient'> object initialized
2016-10-03 20:57:59,037 - outlookclient - INFO - Initializing imap client
2016-10-03 20:57:59,992 - outlookclient - INFO - Attempting login with username and password in config file
2016-10-03 20:57:59,995 - outlookclient - INFO - Attempting login #1.
2016-10-03 20:58:04,148 - outlookclient - INFO - Login Success to outlook.office365.com
2016-10-03 20:58:04,152 - outlookclient - INFO - Getting ITS email ids
2016-10-03 20:58:04,155 - outlookclient - INFO - Attempting select Notes
2016-10-03 20:58:04,766 - outlookclient - INFO - Submitting IMAP search query [None, 'ALL', 'FROM', 'atat@ALBANY.EDU', 'SINCE', '10-Aug-2010', 'BEFORE', '10-Dec-3005']
2016-10-03 20:58:07,287 - outlookclient - INFO - 3375 ids retrieved
2016-10-03 20:58:07,290 - outlookclient - INFO - Creating iter for 10 emails from 3375 ITS email ids
2016-10-03 20:58:07,293 - outlookclient - INFO - Yielding info from ITS email iterator
2016-10-03 20:58:07,297 - outlookclient - INFO - Iterating through emails for authenticity, and information
2016-10-03 20:58:07,300 - outlookclient - INFO - Reduced ids to 10 id(s)
2016-10-03 20:58:16,128 - outlookclient - INFO - Fetching success, yielding 20 emails
2016-10-03 20:58:16,172 - outlookclient - INFO - Finish iterating through emails. Authentic: 0, Non Authentic: 10
2016-10-03 20:58:43,513 - outlookclient - INFO - <class '__main__.outlookclient'> object initialized
2016-10-03 20:58:43,513 - outlookclient - INFO - Initializing imap client
2016-10-03 20:58:49,508 - outlookclient - INFO - Attempting login with username and password in config file
2016-10-03 20:58:49,508 - outlookclient - INFO - Attempting login #1.
2016-10-03 20:58:52,169 - outlookclient - INFO - Login Success to outlook.office365.com
2016-10-03 20:58:52,174 - outlookclient - INFO - Getting ITS email ids
2016-10-03 20:58:52,176 - outlookclient - INFO - Attempting select Notes
2016-10-03 20:58:52,633 - outlookclient - INFO - Submitting IMAP search query [None, 'ALL', 'FROM', 'atat@ALBANY.EDU', 'SINCE', '10-Aug-2010', 'BEFORE', '10-Dec-3005']
2016-10-03 20:58:54,850 - outlookclient - INFO - 3375 ids retrieved
2016-10-03 20:58:54,853 - outlookclient - INFO - Creating iter for 10 emails from 3375 ITS email ids
2016-10-03 20:58:54,856 - outlookclient - INFO - Yielding info from ITS email iterator
2016-10-03 20:58:54,859 - outlookclient - INFO - Iterating through emails for authenticity, and information
2016-10-03 20:58:54,861 - outlookclient - INFO - Reduced ids to 10 id(s)
2016-10-03 20:59:04,204 - outlookclient - INFO - Fetching success, yielding 20 emails
2016-10-03 20:59:53,753 - outlookclient - INFO - <class '__main__.outlookclient'> object initialized
2016-10-03 20:59:53,753 - outlookclient - INFO - Initializing imap client
2016-10-03 20:59:57,448 - outlookclient - INFO - Attempting login with username and password in config file
2016-10-03 20:59:57,449 - outlookclient - INFO - Attempting login #1.
2016-10-03 20:59:58,948 - outlookclient - INFO - Login Success to outlook.office365.com
2016-10-03 20:59:58,954 - outlookclient - INFO - Getting ITS email ids
2016-10-03 20:59:58,958 - outlookclient - INFO - Attempting select Notes
2016-10-03 20:59:59,528 - outlookclient - INFO - Submitting IMAP search query [None, 'ALL', 'FROM', 'atat@ALBANY.EDU', 'SINCE', '10-Aug-2010', 'BEFORE', '10-Dec-3005']
2016-10-03 21:00:00,333 - outlookclient - INFO - 3375 ids retrieved
2016-10-03 21:00:00,334 - outlookclient - INFO - Creating iter for 10 emails from 3375 ITS email ids
2016-10-03 21:00:00,335 - outlookclient - INFO - Yielding info from ITS email iterator
2016-10-03 21:00:00,335 - outlookclient - INFO - Iterating through emails for authenticity, and information
2016-10-03 21:00:00,335 - outlookclient - INFO - Reduced ids to 10 id(s)
2016-10-03 21:00:06,385 - outlookclient - INFO - Fetching success, yielding 20 emails
2016-10-03 21:00:27,195 - outlookclient - INFO - <class '__main__.outlookclient'> object initialized
2016-10-03 21:00:27,195 - outlookclient - INFO - Initializing imap client
2016-10-03 21:00:35,254 - outlookclient - INFO - Attempting login with username and password in config file
2016-10-03 21:00:35,258 - outlookclient - INFO - Attempting login #1.
2016-10-03 21:00:37,239 - outlookclient - INFO - Login Success to outlook.office365.com
2016-10-03 21:00:37,244 - outlookclient - INFO - Getting ITS email ids
2016-10-03 21:00:37,248 - outlookclient - INFO - Attempting select Notes
2016-10-03 21:00:38,103 - outlookclient - INFO - Submitting IMAP search query [None, 'ALL', 'FROM', 'atat@ALBANY.EDU', 'SINCE', '10-Aug-2010', 'BEFORE', '10-Dec-3005']
2016-10-03 21:00:53,119 - outlookclient - INFO - 3375 ids retrieved
2016-10-03 21:00:53,120 - outlookclient - INFO - Creating iter for 10 emails from 3375 ITS email ids
2016-10-03 21:00:53,120 - outlookclient - INFO - Yielding info from ITS email iterator
2016-10-03 21:00:53,120 - outlookclient - INFO - Iterating through emails for authenticity, and information
2016-10-03 21:00:53,121 - outlookclient - INFO - Reduced ids to 10 id(s)
2016-10-03 21:01:13,864 - outlookclient - INFO - Fetching success, yielding 20 emails
2016-10-03 21:01:58,050 - outlookclient - INFO - <class '__main__.outlookclient'> object initialized
2016-10-03 21:01:58,051 - outlookclient - INFO - Initializing imap client
2016-10-03 21:02:00,819 - outlookclient - INFO - Attempting login with username and password in config file
2016-10-03 21:02:00,819 - outlookclient - INFO - Attempting login #1.
2016-10-03 21:02:04,166 - outlookclient - INFO - Login Success to outlook.office365.com
2016-10-03 21:02:04,171 - outlookclient - INFO - Getting ITS email ids
2016-10-03 21:02:04,174 - outlookclient - INFO - Attempting select Notes
2016-10-03 21:02:04,989 - outlookclient - INFO - Submitting IMAP search query [None, 'ALL', 'FROM', 'atat@ALBANY.EDU', 'SINCE', '10-Aug-2010', 'BEFORE', '10-Dec-3005']
2016-10-03 21:02:07,274 - outlookclient - INFO - 3375 ids retrieved
2016-10-03 21:02:07,277 - outlookclient - INFO - Creating iter for 10 emails from 3375 ITS email ids
2016-10-03 21:02:07,280 - outlookclient - INFO - Yielding info from ITS email iterator
2016-10-03 21:02:07,283 - outlookclient - INFO - Iterating through emails for authenticity, and information
2016-10-03 21:02:07,285 - outlookclient - INFO - Reduced ids to 10 id(s)
2016-10-03 21:02:26,820 - outlookclient - INFO - Fetching success, yielding 20 emails
2016-10-03 21:02:26,880 - outlookclient - INFO - Finish iterating through emails. Authentic: 0, Non Authentic: 10
2016-10-03 21:03:01,782 - outlookclient - INFO - <class '__main__.outlookclient'> object initialized
2016-10-03 21:03:01,783 - outlookclient - INFO - Initializing imap client
2016-10-03 21:03:03,520 - outlookclient - INFO - Attempting login with username and password in config file
2016-10-03 21:03:03,523 - outlookclient - INFO - Attempting login #1.
2016-10-03 21:03:09,189 - outlookclient - INFO - Login Success to outlook.office365.com
2016-10-03 21:03:09,194 - outlookclient - INFO - Getting ITS email ids
2016-10-03 21:03:09,198 - outlookclient - INFO - Attempting select Notes
2016-10-03 21:03:09,601 - outlookclient - INFO - Submitting IMAP search query [None, 'ALL', 'FROM', 'atat@ALBANY.EDU', 'SINCE', '10-Aug-2010', 'BEFORE', '10-Dec-3005']
2016-10-03 21:03:10,391 - outlookclient - INFO - 3375 ids retrieved
2016-10-03 21:03:10,399 - outlookclient - INFO - Creating iter for 10 emails from 3375 ITS email ids
2016-10-03 21:03:10,399 - outlookclient - INFO - Yielding info from ITS email iterator
2016-10-03 21:03:10,400 - outlookclient - INFO - Iterating through emails for authenticity, and information
2016-10-03 21:03:10,401 - outlookclient - INFO - Reduced ids to 10 id(s)
2016-10-03 21:03:15,135 - outlookclient - INFO - Fetching success, yielding 20 emails
2016-10-03 21:04:15,087 - outlookclient - INFO - <class '__main__.outlookclient'> object initialized
2016-10-03 21:04:15,087 - outlookclient - INFO - Initializing imap client
2016-10-03 21:04:17,275 - outlookclient - INFO - Attempting login with username and password in config file
2016-10-03 21:04:17,279 - outlookclient - INFO - Attempting login #1.
2016-10-03 21:04:18,305 - outlookclient - INFO - Login Success to outlook.office365.com
2016-10-03 21:04:18,310 - outlookclient - INFO - Getting ITS email ids
2016-10-03 21:04:18,316 - outlookclient - INFO - Attempting select Notes
2016-10-03 21:04:18,925 - outlookclient - INFO - Submitting IMAP search query [None, 'ALL', 'FROM', 'atat@ALBANY.EDU', 'SINCE', '10-Aug-2010', 'BEFORE', '10-Dec-3005']
2016-10-03 21:04:20,064 - outlookclient - INFO - 3375 ids retrieved
2016-10-03 21:04:20,068 - outlookclient - INFO - Creating iter for 10 emails from 3375 ITS email ids
2016-10-03 21:04:20,079 - outlookclient - INFO - Yielding info from ITS email iterator
2016-10-03 21:04:20,079 - outlookclient - INFO - Iterating through emails for authenticity, and information
2016-10-03 21:04:20,080 - outlookclient - INFO - Reduced ids to 10 id(s)
2016-10-03 21:04:24,519 - outlookclient - INFO - Fetching success, yielding 20 emails
2016-10-03 21:04:44,883 - outlookclient - INFO - <class '__main__.outlookclient'> object initialized
2016-10-03 21:04:44,883 - outlookclient - INFO - Initializing imap client
2016-10-03 21:04:45,848 - outlookclient - INFO - Attempting login with username and password in config file
2016-10-03 21:04:45,849 - outlookclient - INFO - Attempting login #1.
2016-10-03 21:04:48,931 - outlookclient - INFO - Login Success to outlook.office365.com
2016-10-03 21:04:48,937 - outlookclient - INFO - Getting ITS email ids
2016-10-03 21:04:48,941 - outlookclient - INFO - Attempting select Notes
2016-10-03 21:04:49,541 - outlookclient - INFO - Submitting IMAP search query [None, 'ALL', 'FROM', 'atat@ALBANY.EDU', 'SINCE', '10-Aug-2010', 'BEFORE', '10-Dec-3005']
2016-10-03 21:04:51,039 - outlookclient - INFO - 3375 ids retrieved
2016-10-03 21:04:51,039 - outlookclient - INFO - Creating iter for 10 emails from 3375 ITS email ids
2016-10-03 21:04:51,040 - outlookclient - INFO - Yielding info from ITS email iterator
2016-10-03 21:04:51,040 - outlookclient - INFO - Iterating through emails for authenticity, and information
2016-10-03 21:04:51,040 - outlookclient - INFO - Reduced ids to 10 id(s)
2016-10-03 21:04:56,092 - outlookclient - INFO - Fetching success, yielding 20 emails
2016-10-03 21:05:26,440 - outlookclient - INFO - <class '__main__.outlookclient'> object initialized
2016-10-03 21:05:26,440 - outlookclient - INFO - Initializing imap client
2016-10-03 21:05:27,130 - outlookclient - INFO - Attempting login with username and password in config file
2016-10-03 21:05:27,131 - outlookclient - INFO - Attempting login #1.
2016-10-03 21:05:30,088 - outlookclient - INFO - Login Success to outlook.office365.com
2016-10-03 21:05:30,089 - outlookclient - INFO - Getting ITS email ids
2016-10-03 21:05:30,090 - outlookclient - INFO - Attempting select Notes
2016-10-03 21:05:30,570 - outlookclient - INFO - Submitting IMAP search query [None, 'ALL', 'FROM', 'atat@ALBANY.EDU', 'SINCE', '10-Aug-2010', 'BEFORE', '10-Dec-3005']
2016-10-03 21:05:31,255 - outlookclient - INFO - 3375 ids retrieved
2016-10-03 21:05:31,259 - outlookclient - INFO - Creating iter for 10 emails from 3375 ITS email ids
2016-10-03 21:05:31,259 - outlookclient - INFO - Yielding info from ITS email iterator
2016-10-03 21:05:31,259 - outlookclient - INFO - Iterating through emails for authenticity, and information
2016-10-03 21:05:31,260 - outlookclient - INFO - Reduced ids to 10 id(s)
2016-10-03 21:05:35,371 - outlookclient - INFO - Fetching success, yielding 20 emails
2016-10-03 21:07:50,366 - outlookclient - INFO - <class '__main__.outlookclient'> object initialized
2016-10-03 21:07:50,367 - outlookclient - INFO - Initializing imap client
2016-10-03 21:08:05,974 - outlookclient - INFO - Attempting login with username and password in config file
2016-10-03 21:08:05,975 - outlookclient - INFO - Attempting login #1.
2016-10-03 21:08:09,600 - outlookclient - INFO - Login Success to outlook.office365.com
2016-10-03 21:08:09,601 - outlookclient - INFO - Getting ITS email ids
2016-10-03 21:08:09,601 - outlookclient - INFO - Attempting select Notes
2016-10-03 21:08:10,510 - outlookclient - INFO - Submitting IMAP search query [None, 'ALL', 'FROM', 'atat@ALBANY.EDU', 'SINCE', '10-Aug-2010', 'BEFORE', '10-Dec-3005']
2016-10-03 21:08:14,015 - outlookclient - INFO - 3375 ids retrieved
2016-10-03 21:08:14,016 - outlookclient - INFO - Creating iter for 10 emails from 3375 ITS email ids
2016-10-03 21:08:14,016 - outlookclient - INFO - Yielding info from ITS email iterator
2016-10-03 21:08:14,016 - outlookclient - INFO - Iterating through emails for authenticity, and information
2016-10-03 21:08:14,017 - outlookclient - INFO - Reduced ids to 10 id(s)
2016-10-03 21:08:34,180 - outlookclient - INFO - Fetching success, yielding 20 emails
2016-10-03 21:10:29,791 - outlookclient - INFO - <class '__main__.outlookclient'> object initialized
2016-10-03 21:10:29,792 - outlookclient - INFO - Initializing imap client
2016-10-03 21:10:30,530 - outlookclient - INFO - Attempting login with username and password in config file
2016-10-03 21:10:30,531 - outlookclient - INFO - Attempting login #1.
2016-10-03 21:10:32,772 - outlookclient - INFO - Login Success to outlook.office365.com
2016-10-03 21:10:32,779 - outlookclient - INFO - Getting ITS email ids
2016-10-03 21:10:32,782 - outlookclient - INFO - Attempting select Notes
2016-10-03 21:10:34,066 - outlookclient - INFO - Submitting IMAP search query [None, 'ALL', 'FROM', 'atat@ALBANY.EDU', 'SINCE', '10-Aug-2010', 'BEFORE', '10-Dec-3005']
2016-10-03 21:10:35,052 - outlookclient - INFO - 3375 ids retrieved
2016-10-03 21:10:35,052 - outlookclient - INFO - Creating iter for 10 emails from 3375 ITS email ids
2016-10-03 21:10:35,052 - outlookclient - INFO - Yielding info from ITS email iterator
2016-10-03 21:10:35,053 - outlookclient - INFO - Iterating through emails for authenticity, and information
2016-10-03 21:10:35,053 - outlookclient - INFO - Reduced ids to 10 id(s)
2016-10-03 21:10:40,783 - outlookclient - INFO - Fetching success, yielding 20 emails
2016-10-03 21:11:49,511 - outlookclient - INFO - <class '__main__.outlookclient'> object initialized
2016-10-03 21:11:49,511 - outlookclient - INFO - Initializing imap client
2016-10-03 21:13:18,759 - outlookclient - INFO - <class '__main__.outlookclient'> object initialized
2016-10-03 21:13:18,760 - outlookclient - INFO - Initializing imap client
2016-10-03 21:13:20,581 - outlookclient - INFO - Attempting login with username and password in config file
2016-10-03 21:13:20,583 - outlookclient - INFO - Attempting login #1.
2016-10-03 21:13:31,964 - outlookclient - INFO - Login Success to outlook.office365.com
2016-10-03 21:13:31,965 - outlookclient - INFO - Getting ITS email ids
2016-10-03 21:13:31,965 - outlookclient - INFO - Attempting select Notes
2016-10-03 21:13:32,415 - outlookclient - INFO - Submitting IMAP search query [None, 'ALL', 'FROM', 'atat@ALBANY.EDU', 'SINCE', '10-Aug-2010', 'BEFORE', '10-Dec-3005']
2016-10-03 21:13:33,296 - outlookclient - INFO - 3375 ids retrieved
2016-10-03 21:13:33,298 - outlookclient - INFO - Creating iter for 10 emails from 3375 ITS email ids
2016-10-03 21:13:33,299 - outlookclient - INFO - Yielding info from ITS email iterator
2016-10-03 21:13:33,300 - outlookclient - INFO - Iterating through emails for authenticity, and information
2016-10-03 21:13:33,300 - outlookclient - INFO - Reduced ids to 10 id(s)
2016-10-03 21:13:39,284 - outlookclient - INFO - Fetching success, yielding 20 emails
2016-10-03 21:14:05,480 - outlookclient - INFO - <class '__main__.outlookclient'> object initialized
2016-10-03 21:14:05,481 - outlookclient - INFO - Initializing imap client
2016-10-03 21:14:06,811 - outlookclient - INFO - Attempting login with username and password in config file
2016-10-03 21:14:06,812 - outlookclient - INFO - Attempting login #1.
2016-10-03 21:14:08,950 - outlookclient - INFO - Login Success to outlook.office365.com
2016-10-03 21:14:08,951 - outlookclient - INFO - Getting ITS email ids
2016-10-03 21:14:08,951 - outlookclient - INFO - Attempting select Notes
2016-10-03 21:14:10,065 - outlookclient - INFO - Submitting IMAP search query [None, 'ALL', 'FROM', 'atat@ALBANY.EDU', 'SINCE', '10-Aug-2010', 'BEFORE', '10-Dec-3005']
2016-10-03 21:14:10,525 - outlookclient - INFO - 3375 ids retrieved
2016-10-03 21:14:10,526 - outlookclient - INFO - Creating iter for 10 emails from 3375 ITS email ids
2016-10-03 21:14:10,526 - outlookclient - INFO - Yielding info from ITS email iterator
2016-10-03 21:14:10,526 - outlookclient - INFO - Iterating through emails for authenticity, and information
2016-10-03 21:14:10,526 - outlookclient - INFO - Reduced ids to 10 id(s)
2016-10-03 21:14:17,279 - outlookclient - INFO - Fetching success, yielding 20 emails
2016-10-03 21:18:23,377 - outlookclient - INFO - <class '__main__.outlookclient'> object initialized
2016-10-03 21:18:23,378 - outlookclient - INFO - Initializing imap client
2016-10-03 21:18:24,212 - outlookclient - INFO - Attempting login with username and password in config file
2016-10-03 21:18:24,213 - outlookclient - INFO - Attempting login #1.
2016-10-03 21:18:27,583 - outlookclient - INFO - Login Success to outlook.office365.com
2016-10-03 21:18:27,585 - outlookclient - INFO - Getting ITS email ids
2016-10-03 21:18:27,587 - outlookclient - INFO - Attempting select Notes
2016-10-03 21:18:27,995 - outlookclient - INFO - Submitting IMAP search query [None, 'ALL', 'FROM', 'atat@ALBANY.EDU', 'SINCE', '10-Aug-2010', 'BEFORE', '10-Dec-3005']
2016-10-03 21:18:28,826 - outlookclient - INFO - 3375 ids retrieved
2016-10-03 21:18:28,830 - outlookclient - INFO - Creating iter for 10 emails from 3375 ITS email ids
2016-10-03 21:18:28,832 - outlookclient - INFO - Yielding info from ITS email iterator
2016-10-03 21:18:28,835 - outlookclient - INFO - Iterating through emails for authenticity, and information
2016-10-03 21:18:28,839 - outlookclient - INFO - Reduced ids to 10 id(s)
2016-10-03 21:18:38,754 - outlookclient - INFO - Fetching success, yielding 20 emails
2016-10-03 21:18:38,797 - outlookclient - INFO - Finish iterating through emails. Authentic: 5, Non Authentic: 5
2016-10-03 21:18:59,703 - outlookclient - INFO - <class '__main__.outlookclient'> object initialized
2016-10-03 21:18:59,704 - outlookclient - INFO - Initializing imap client
2016-10-03 21:19:01,016 - outlookclient - INFO - Attempting login with username and password in config file
2016-10-03 21:19:01,021 - outlookclient - INFO - Attempting login #1.
2016-10-03 21:19:02,387 - outlookclient - INFO - Login Success to outlook.office365.com
2016-10-03 21:19:02,388 - outlookclient - INFO - Getting ITS email ids
2016-10-03 21:19:02,388 - outlookclient - INFO - Attempting select Notes
2016-10-03 21:19:02,843 - outlookclient - INFO - Submitting IMAP search query [None, 'ALL', 'FROM', 'atat@ALBANY.EDU', 'SINCE', '10-Aug-2010', 'BEFORE', '10-Dec-3005']
2016-10-03 21:19:04,176 - outlookclient - INFO - 3375 ids retrieved
2016-10-03 21:19:04,177 - outlookclient - INFO - Creating iter for 10 emails from 3375 ITS email ids
2016-10-03 21:19:04,177 - outlookclient - INFO - Yielding info from ITS email iterator
2016-10-03 21:19:04,177 - outlookclient - INFO - Iterating through emails for authenticity, and information
2016-10-03 21:19:04,178 - outlookclient - INFO - Reduced ids to 10 id(s)
2016-10-03 21:19:11,993 - outlookclient - INFO - Fetching success, yielding 20 emails
2016-10-03 21:19:12,072 - outlookclient - INFO - Finish iterating through emails. Authentic: 5, Non Authentic: 5
2016-10-03 21:23:10,436 - outlookclient - INFO - <class '__main__.outlookclient'> object initialized
2016-10-03 21:23:10,437 - outlookclient - INFO - Initializing imap client
2016-10-03 21:23:15,084 - outlookclient - INFO - Attempting login with username and password in config file
2016-10-03 21:23:15,089 - outlookclient - INFO - Attempting login #1.
2016-10-03 21:23:16,349 - outlookclient - INFO - Login Success to outlook.office365.com
2016-10-03 21:23:16,354 - outlookclient - INFO - Getting ITS email ids
2016-10-03 21:23:16,356 - outlookclient - INFO - Attempting select Notes
2016-10-03 21:23:16,993 - outlookclient - INFO - Submitting IMAP search query [None, 'ALL', 'FROM', 'atat@ALBANY.EDU', 'SINCE', '10-Aug-2010', 'BEFORE', '10-Dec-3005']
2016-10-03 21:23:18,736 - outlookclient - INFO - 3375 ids retrieved
2016-10-03 21:23:18,737 - outlookclient - INFO - Creating iter for 10 emails from 3375 ITS email ids
2016-10-03 21:23:18,737 - outlookclient - INFO - Yielding info from ITS email iterator
2016-10-03 21:23:18,737 - outlookclient - INFO - Iterating through emails for authenticity, and information
2016-10-03 21:23:18,738 - outlookclient - INFO - Reduced ids to 10 id(s)
2016-10-03 21:23:24,637 - outlookclient - INFO - Fetching success, yielding 20 emails
2016-10-03 21:23:24,688 - outlookclient - INFO - Finish iterating through emails. Authentic: 5, Non Authentic: 5
2016-10-03 21:24:39,806 - outlookclient - INFO - <class '__main__.outlookclient'> object initialized
2016-10-03 21:24:39,807 - outlookclient - INFO - Initializing imap client
2016-10-03 21:24:41,167 - outlookclient - INFO - Attempting login with username and password in config file
2016-10-03 21:24:41,169 - outlookclient - INFO - Attempting login #1.
2016-10-03 21:24:50,757 - outlookclient - INFO - Login Success to outlook.office365.com
2016-10-03 21:24:50,758 - outlookclient - INFO - Getting ITS email ids
2016-10-03 21:24:50,758 - outlookclient - INFO - Attempting select Notes
2016-10-03 21:24:51,238 - outlookclient - INFO - Submitting IMAP search query [None, 'ALL', 'FROM', 'atat@ALBANY.EDU', 'SINCE', '10-Aug-2010', 'BEFORE', '10-Dec-3005']
2016-10-03 21:24:52,369 - outlookclient - INFO - 3375 ids retrieved
2016-10-03 21:24:52,369 - outlookclient - INFO - Creating iter for 10 emails from 3375 ITS email ids
2016-10-03 21:24:52,370 - outlookclient - INFO - Yielding info from ITS email iterator
2016-10-03 21:24:52,370 - outlookclient - INFO - Iterating through emails for authenticity, and information
2016-10-03 21:24:52,370 - outlookclient - INFO - Reduced ids to 10 id(s)
2016-10-03 21:25:03,279 - outlookclient - INFO - Fetching success, yielding 20 emails
2016-10-03 21:25:03,343 - outlookclient - INFO - Finish iterating through emails. Authentic: 5, Non Authentic: 5
2016-10-03 21:26:37,615 - outlookclient - INFO - <class '__main__.outlookclient'> object initialized
2016-10-03 21:26:37,616 - outlookclient - INFO - Initializing imap client
2016-10-03 21:26:44,363 - outlookclient - INFO - Attempting login with username and password in config file
2016-10-03 21:26:44,368 - outlookclient - INFO - Attempting login #1.
2016-10-03 21:26:49,746 - outlookclient - INFO - Login Success to outlook.office365.com
2016-10-03 21:26:49,751 - outlookclient - INFO - Getting ITS email ids
2016-10-03 21:26:49,754 - outlookclient - INFO - Attempting select Notes
2016-10-03 21:26:51,692 - outlookclient - INFO - Submitting IMAP search query [None, 'ALL', 'FROM', 'atat@ALBANY.EDU', 'SINCE', '10-Aug-2010', 'BEFORE', '10-Dec-3005']
2016-10-03 21:27:03,556 - outlookclient - INFO - 3375 ids retrieved
2016-10-03 21:27:03,556 - outlookclient - INFO - Creating iter for 10 emails from 3375 ITS email ids
2016-10-03 21:27:03,557 - outlookclient - INFO - Yielding info from ITS email iterator
2016-10-03 21:27:03,557 - outlookclient - INFO - Iterating through emails for authenticity, and information
2016-10-03 21:27:03,557 - outlookclient - INFO - Reduced ids to 10 id(s)
2016-10-03 21:27:19,416 - outlookclient - INFO - Fetching success, yielding 20 emails
2016-10-03 21:27:19,489 - outlookclient - INFO - Finish iterating through emails. Authentic: 5, Non Authentic: 5
2016-10-03 21:27:44,474 - outlookclient - INFO - <class '__main__.outlookclient'> object initialized
2016-10-03 21:27:44,474 - outlookclient - INFO - Initializing imap client
2016-10-03 21:28:08,627 - outlookclient - INFO - Attempting login with username and password in config file
2016-10-03 21:28:08,631 - outlookclient - INFO - Attempting login #1.
2016-10-03 21:28:19,036 - outlookclient - INFO - Login Success to outlook.office365.com
2016-10-03 21:28:19,036 - outlookclient - INFO - Getting ITS email ids
2016-10-03 21:28:19,037 - outlookclient - INFO - Attempting select Notes
2016-10-03 21:28:22,605 - outlookclient - INFO - Submitting IMAP search query [None, 'ALL', 'FROM', 'atat@ALBANY.EDU', 'SINCE', '10-Aug-2010', 'BEFORE', '10-Dec-3005']
2016-10-03 21:28:30,776 - outlookclient - INFO - 3375 ids retrieved
2016-10-03 21:28:30,779 - outlookclient - INFO - Creating iter for 10 emails from 3375 ITS email ids
2016-10-03 21:28:30,779 - outlookclient - INFO - Yielding info from ITS email iterator
2016-10-03 21:28:30,781 - outlookclient - INFO - Iterating through emails for authenticity, and information
2016-10-03 21:28:30,781 - outlookclient - INFO - Reduced ids to 10 id(s)
2016-10-03 21:28:40,744 - outlookclient - INFO - Fetching success, yielding 20 emails
2016-10-03 21:28:40,845 - outlookclient - INFO - Finish iterating through emails. Authentic: 5, Non Authentic: 5
2016-10-03 21:29:12,321 - outlookclient - INFO - <class '__main__.outlookclient'> object initialized
2016-10-03 21:29:12,322 - outlookclient - INFO - Initializing imap client
2016-10-03 21:29:14,743 - outlookclient - INFO - Attempting login with username and password in config file
2016-10-03 21:29:14,748 - outlookclient - INFO - Attempting login #1.
2016-10-03 21:29:16,993 - outlookclient - INFO - Login Success to outlook.office365.com
2016-10-03 21:29:16,994 - outlookclient - INFO - Getting ITS email ids
2016-10-03 21:29:16,994 - outlookclient - INFO - Attempting select Notes
2016-10-03 21:29:17,483 - outlookclient - INFO - Submitting IMAP search query [None, 'ALL', 'FROM', 'atat@ALBANY.EDU', 'SINCE', '10-Aug-2010', 'BEFORE', '10-Dec-3005']
2016-10-03 21:29:19,889 - outlookclient - INFO - 3375 ids retrieved
2016-10-03 21:29:19,891 - outlookclient - INFO - Creating iter for 10 emails from 3375 ITS email ids
2016-10-03 21:29:19,892 - outlookclient - INFO - Yielding info from ITS email iterator
2016-10-03 21:29:19,893 - outlookclient - INFO - Iterating through emails for authenticity, and information
2016-10-03 21:29:19,894 - outlookclient - INFO - Reduced ids to 10 id(s)
2016-10-03 21:29:27,154 - outlookclient - INFO - Fetching success, yielding 20 emails
2016-10-03 21:29:27,231 - outlookclient - INFO - Finish iterating through emails. Authentic: 5, Non Authentic: 5
2016-10-03 21:30:07,545 - outlookclient - INFO - <class '__main__.outlookclient'> object initialized
2016-10-03 21:30:07,545 - outlookclient - INFO - Initializing imap client
2016-10-03 21:30:18,421 - outlookclient - INFO - Attempting login with username and password in config file
2016-10-03 21:30:18,429 - outlookclient - INFO - Attempting login #1.
2016-10-03 21:30:21,400 - outlookclient - INFO - Login Success to outlook.office365.com
2016-10-03 21:30:21,406 - outlookclient - INFO - Getting ITS email ids
2016-10-03 21:30:21,409 - outlookclient - INFO - Attempting select Notes
2016-10-03 21:30:22,224 - outlookclient - INFO - Submitting IMAP search query [None, 'ALL', 'FROM', 'atat@ALBANY.EDU', 'SINCE', '10-Aug-2010', 'BEFORE', '10-Dec-3005']
2016-10-03 21:30:27,030 - outlookclient - INFO - 3375 ids retrieved
2016-10-03 21:30:27,031 - outlookclient - INFO - Creating iter for 10 emails from 3375 ITS email ids
2016-10-03 21:30:27,032 - outlookclient - INFO - Yielding info from ITS email iterator
2016-10-03 21:30:27,032 - outlookclient - INFO - Iterating through emails for authenticity, and information
2016-10-03 21:30:27,032 - outlookclient - INFO - Reduced ids to 10 id(s)
2016-10-03 21:30:46,661 - outlookclient - INFO - Fetching success, yielding 20 emails
2016-10-03 21:30:46,711 - outlookclient - INFO - Finish iterating through emails. Authentic: 5, Non Authentic: 5
2016-10-03 21:36:01,065 - outlookclient - INFO - <class '__main__.outlookclient'> object initialized
2016-10-03 21:36:01,066 - outlookclient - INFO - Initializing imap client
2016-10-03 21:36:11,269 - outlookclient - ERROR - Unable to initialize imap client
2016-10-03 21:36:20,868 - outlookclient - INFO - <class '__main__.outlookclient'> object initialized
2016-10-03 21:36:20,869 - outlookclient - INFO - Initializing imap client
2016-10-03 21:36:40,252 - outlookclient - INFO - Attempting login with username and password in config file
2016-10-03 21:36:40,256 - outlookclient - INFO - Attempting login #1.
2016-10-03 21:36:45,172 - outlookclient - INFO - Login Success to outlook.office365.com
2016-10-03 21:36:45,178 - outlookclient - INFO - Getting ITS email ids
2016-10-03 21:36:45,180 - outlookclient - INFO - Attempting select Notes
2016-10-03 21:36:50,420 - outlookclient - INFO - Submitting IMAP search query [None, 'ALL', 'FROM', 'atat@ALBANY.EDU', 'SINCE', '10-Aug-2010', 'BEFORE', '10-Dec-3005']
2016-10-03 21:37:04,740 - outlookclient - INFO - 3375 ids retrieved
2016-10-03 21:37:04,741 - outlookclient - INFO - Creating iter for 10 emails from 3375 ITS email ids
2016-10-03 21:37:04,741 - outlookclient - INFO - Yielding info from ITS email iterator
2016-10-03 21:37:04,741 - outlookclient - INFO - Iterating through emails for authenticity, and information
2016-10-03 21:37:04,741 - outlookclient - INFO - Reduced ids to 10 id(s)
2016-10-03 21:37:11,576 - outlookclient - INFO - Fetching success, yielding 20 emails
2016-10-03 21:37:11,632 - outlookclient - INFO - Finish iterating through emails. Authentic: 5, Non Authentic: 5
2016-10-04 15:11:42,666 - outlookclient - INFO - <class '__main__.outlookclient'> object initialized
2016-10-04 15:11:42,667 - outlookclient - INFO - Initializing imap client
2016-10-04 15:11:43,232 - outlookclient - INFO - Attempting login with username and password in config file
2016-10-04 15:11:43,235 - outlookclient - INFO - Attempting login #1.
2016-10-04 15:11:46,384 - outlookclient - INFO - Login Success to outlook.office365.com
2016-10-04 15:11:46,391 - outlookclient - INFO - Getting ITS email ids
2016-10-04 15:11:46,393 - outlookclient - INFO - Attempting select Notes
2016-10-04 15:11:47,763 - outlookclient - INFO - Submitting IMAP search query [None, 'ALL', 'FROM', 'atat@ALBANY.EDU', 'SINCE', '10-Aug-2010', 'BEFORE', '10-Dec-3005']
2016-10-04 15:11:48,226 - outlookclient - INFO - 3393 ids retrieved
2016-10-04 15:11:48,228 - outlookclient - INFO - Creating iter for 10 emails from 3393 ITS email ids
2016-10-04 15:11:48,231 - outlookclient - INFO - Yielding info from ITS email iterator
2016-10-04 15:11:48,232 - outlookclient - INFO - Iterating through emails for authenticity, and information
2016-10-04 15:11:48,234 - outlookclient - INFO - Reduced ids to 10 id(s)
2016-10-04 15:11:48,739 - outlookclient - INFO - Fetching success, yielding 20 emails
2016-10-04 15:11:48,803 - outlookclient - INFO - Finish iterating through emails. Authentic: 5, Non Authentic: 5
2016-10-04 15:12:40,107 - outlookclient - INFO - <class '__main__.outlookclient'> object initialized
2016-10-04 15:12:40,108 - outlookclient - INFO - Initializing imap client
2016-10-04 15:12:40,336 - outlookclient - INFO - Attempting login with username and password in config file
2016-10-04 15:12:40,336 - outlookclient - INFO - Attempting login #1.
2016-10-04 15:12:42,519 - outlookclient - INFO - Login Success to outlook.office365.com
2016-10-04 15:12:42,520 - outlookclient - INFO - Getting ITS email ids
2016-10-04 15:12:42,520 - outlookclient - INFO - Attempting select Notes
2016-10-04 15:12:42,894 - outlookclient - INFO - Submitting IMAP search query [None, 'ALL', 'FROM', 'atat@ALBANY.EDU', 'SINCE', '10-Aug-2010', 'BEFORE', '10-Dec-3005']
2016-10-04 15:12:43,210 - outlookclient - INFO - 3393 ids retrieved
2016-10-04 15:12:43,210 - outlookclient - INFO - Creating iter for 10 emails from 3393 ITS email ids
2016-10-04 15:12:43,210 - outlookclient - INFO - Yielding info from ITS email iterator
2016-10-04 15:12:43,211 - outlookclient - INFO - Iterating through emails for authenticity, and information
2016-10-04 15:12:43,211 - outlookclient - INFO - Reduced ids to 10 id(s)
2016-10-04 15:12:43,543 - outlookclient - INFO - Fetching success, yielding 20 emails
2016-10-04 15:12:43,610 - outlookclient - INFO - Finish iterating through emails. Authentic: 5, Non Authentic: 5
2016-10-04 15:13:32,630 - outlookclient - INFO - <class '__main__.outlookclient'> object initialized
2016-10-04 15:13:32,631 - outlookclient - INFO - Initializing imap client
2016-10-04 15:13:33,125 - outlookclient - INFO - Attempting login with username and password in config file
2016-10-04 15:13:33,126 - outlookclient - INFO - Attempting login #1.
2016-10-04 15:13:34,639 - outlookclient - INFO - Login Success to outlook.office365.com
2016-10-04 15:13:34,641 - outlookclient - INFO - Getting ITS email ids
2016-10-04 15:13:34,643 - outlookclient - INFO - Attempting select Notes
2016-10-04 15:13:34,982 - outlookclient - INFO - Submitting IMAP search query [None, 'ALL', 'FROM', 'atat@ALBANY.EDU', 'SINCE', '10-Aug-2010', 'BEFORE', '10-Dec-3005']
2016-10-04 15:13:35,367 - outlookclient - INFO - 3393 ids retrieved
2016-10-04 15:13:35,371 - outlookclient - INFO - Creating iter for 10 emails from 3393 ITS email ids
2016-10-04 15:13:35,375 - outlookclient - INFO - Yielding info from ITS email iterator
2016-10-04 15:13:35,377 - outlookclient - INFO - Iterating through emails for authenticity, and information
2016-10-04 15:13:35,378 - outlookclient - INFO - Reduced ids to 10 id(s)
2016-10-04 15:13:35,762 - outlookclient - INFO - Fetching success, yielding 20 emails
2016-10-04 15:13:35,837 - outlookclient - INFO - Finish iterating through emails. Authentic: 5, Non Authentic: 5
2016-10-04 15:16:54,970 - outlookclient - INFO - <class '__main__.outlookclient'> object initialized
2016-10-04 15:16:54,971 - outlookclient - INFO - Initializing imap client
2016-10-04 15:16:55,499 - outlookclient - INFO - Attempting login with username and password in config file
2016-10-04 15:16:55,500 - outlookclient - INFO - Attempting login #1.
2016-10-04 15:16:56,953 - outlookclient - INFO - Login Success to outlook.office365.com
2016-10-04 15:16:56,957 - outlookclient - INFO - Getting ITS email ids
2016-10-04 15:16:56,960 - outlookclient - INFO - Attempting select Notes
2016-10-04 15:16:57,318 - outlookclient - INFO - Submitting IMAP search query [None, 'ALL', 'FROM', 'atat@ALBANY.EDU', 'SINCE', '10-Aug-2010', 'BEFORE', '10-Dec-3005']
2016-10-04 15:16:57,686 - outlookclient - INFO - 3393 ids retrieved
2016-10-04 15:16:57,686 - outlookclient - INFO - Creating iter for 10 emails from 3393 ITS email ids
2016-10-04 15:16:57,687 - outlookclient - INFO - Yielding info from ITS email iterator
2016-10-04 15:16:57,687 - outlookclient - INFO - Iterating through emails for authenticity, and information
2016-10-04 15:16:57,687 - outlookclient - INFO - Reduced ids to 10 id(s)
2016-10-04 15:16:58,022 - outlookclient - INFO - Fetching success, yielding 20 emails
2016-10-04 15:16:58,062 - outlookclient - INFO - Finish iterating through emails. Authentic: 5, Non Authentic: 5
2016-10-04 15:17:36,380 - outlookclient - INFO - <class '__main__.outlookclient'> object initialized
2016-10-04 15:17:36,381 - outlookclient - INFO - Initializing imap client
2016-10-04 15:17:36,736 - outlookclient - INFO - Attempting login with username and password in config file
2016-10-04 15:17:36,736 - outlookclient - INFO - Attempting login #1.
2016-10-04 15:17:38,210 - outlookclient - INFO - Login Success to outlook.office365.com
2016-10-04 15:17:38,215 - outlookclient - INFO - Getting ITS email ids
2016-10-04 15:17:38,222 - outlookclient - INFO - Attempting select Notes
2016-10-04 15:17:38,833 - outlookclient - INFO - Submitting IMAP search query [None, 'ALL', 'FROM', 'atat@ALBANY.EDU', 'SINCE', '10-Aug-2010', 'BEFORE', '10-Dec-3005']
2016-10-04 15:17:39,213 - outlookclient - INFO - 3393 ids retrieved
2016-10-04 15:17:39,217 - outlookclient - INFO - Creating iter for 10 emails from 3393 ITS email ids
2016-10-04 15:17:39,217 - outlookclient - INFO - Yielding info from ITS email iterator
2016-10-04 15:17:39,218 - outlookclient - INFO - Iterating through emails for authenticity, and information
2016-10-04 15:17:39,218 - outlookclient - INFO - Reduced ids to 10 id(s)
2016-10-04 15:17:39,635 - outlookclient - INFO - Fetching success, yielding 20 emails
2016-10-04 15:17:39,709 - outlookclient - INFO - Finish iterating through emails. Authentic: 5, Non Authentic: 5
2016-10-04 15:18:42,580 - outlookclient - INFO - <class '__main__.outlookclient'> object initialized
2016-10-04 15:18:42,581 - outlookclient - INFO - Initializing imap client
2016-10-04 15:19:38,569 - outlookclient - INFO - Attempting login with username and password in config file
2016-10-04 15:19:38,570 - outlookclient - INFO - Attempting login #1.
2016-10-04 15:21:13,783 - outlookclient - ERROR - Attempt #1, login failure: LOGIN failed.
2016-10-04 15:21:13,786 - outlookclient - INFO - Attempting login #2.
2016-10-04 15:21:13,788 - outlookclient - ERROR - Recieved not okay response.
2016-10-04 15:21:13,789 - outlookclient - ERROR - Unable to login with username and password provided by user
2016-10-04 15:21:13,789 - outlookclient - ERROR - Attempting to get email info without login. Must login to proceed
2016-10-04 15:22:02,852 - outlookclient - INFO - <class '__main__.outlookclient'> object initialized
2016-10-04 15:22:02,852 - outlookclient - INFO - Initializing imap client
2016-10-04 15:22:03,274 - outlookclient - INFO - Attempting login with username and password in config file
2016-10-04 15:22:03,277 - outlookclient - INFO - Attempting login #1.
2016-10-04 15:22:04,230 - outlookclient - INFO - Login Success to outlook.office365.com
2016-10-04 15:22:04,231 - outlookclient - INFO - Getting ITS email ids
2016-10-04 15:22:04,232 - outlookclient - INFO - Attempting select Notes
2016-10-04 15:22:04,723 - outlookclient - INFO - Submitting IMAP search query [None, 'ALL', 'FROM', 'atat@ALBANY.EDU', 'SINCE', '10-Aug-2010', 'BEFORE', '10-Dec-3005']
2016-10-04 15:22:05,087 - outlookclient - INFO - 3393 ids retrieved
2016-10-04 15:22:05,087 - outlookclient - INFO - Creating iter for 20 emails from 3393 ITS email ids
2016-10-04 15:22:05,087 - outlookclient - INFO - Yielding info from ITS email iterator
2016-10-04 15:22:05,088 - outlookclient - INFO - Iterating through emails for authenticity, and information
2016-10-04 15:22:05,088 - outlookclient - INFO - Reduced ids to 20 id(s)
2016-10-04 15:22:06,251 - outlookclient - INFO - Fetching success, yielding 40 emails
2016-10-04 15:22:42,536 - outlookclient - INFO - <class '__main__.outlookclient'> object initialized
2016-10-04 15:22:42,537 - outlookclient - INFO - Initializing imap client
2016-10-04 15:22:43,350 - outlookclient - INFO - Attempting login with username and password in config file
2016-10-04 15:22:43,351 - outlookclient - INFO - Attempting login #1.
2016-10-04 15:22:50,109 - outlookclient - INFO - Login Success to outlook.office365.com
2016-10-04 15:22:50,116 - outlookclient - INFO - Getting ITS email ids
2016-10-04 15:22:50,119 - outlookclient - INFO - Attempting select Notes
2016-10-04 15:22:50,501 - outlookclient - INFO - Submitting IMAP search query [None, 'ALL', 'FROM', 'atat@ALBANY.EDU', 'SINCE', '10-Aug-2010', 'BEFORE', '10-Dec-3005']
2016-10-04 15:22:50,861 - outlookclient - INFO - 3393 ids retrieved
2016-10-04 15:22:50,863 - outlookclient - INFO - Creating iter for 20 emails from 3393 ITS email ids
2016-10-04 15:22:50,865 - outlookclient - INFO - Yielding info from ITS email iterator
2016-10-04 15:22:50,867 - outlookclient - INFO - Iterating through emails for authenticity, and information
2016-10-04 15:22:50,868 - outlookclient - INFO - Reduced ids to 20 id(s)
2016-10-04 15:22:51,970 - outlookclient - INFO - Fetching success, yielding 40 emails
2016-10-04 15:27:23,755 - outlookclient - INFO - <class '__main__.outlookclient'> object initialized
2016-10-04 15:27:23,755 - outlookclient - INFO - Initializing imap client
2016-10-04 15:27:24,112 - outlookclient - INFO - Attempting login with username and password in config file
2016-10-04 15:27:24,112 - outlookclient - INFO - Attempting login #1.
2016-10-04 15:27:25,593 - outlookclient - INFO - Login Success to outlook.office365.com
2016-10-04 15:27:25,594 - outlookclient - INFO - Getting ITS email ids
2016-10-04 15:27:25,595 - outlookclient - INFO - Attempting select Notes
2016-10-04 15:27:26,037 - outlookclient - INFO - Submitting IMAP search query [None, 'ALL', 'FROM', 'atat@ALBANY.EDU', 'SINCE', '10-Aug-2010', 'BEFORE', '10-Dec-3005']
2016-10-04 15:27:26,415 - outlookclient - INFO - 3393 ids retrieved
2016-10-04 15:27:26,416 - outlookclient - INFO - Creating iter for 20 emails from 3393 ITS email ids
2016-10-04 15:27:26,416 - outlookclient - INFO - Yielding info from ITS email iterator
2016-10-04 15:27:26,416 - outlookclient - INFO - Iterating through emails for authenticity, and information
2016-10-04 15:27:26,416 - outlookclient - INFO - Reduced ids to 20 id(s)
2016-10-04 15:27:27,180 - outlookclient - INFO - Fetching success, yielding 40 emails
2016-10-04 15:28:32,791 - outlookclient - INFO - <class '__main__.outlookclient'> object initialized
2016-10-04 15:28:32,792 - outlookclient - INFO - Initializing imap client
2016-10-04 15:28:33,249 - outlookclient - INFO - Attempting login with username and password in config file
2016-10-04 15:28:33,250 - outlookclient - INFO - Attempting login #1.
2016-10-04 15:28:35,543 - outlookclient - INFO - Login Success to outlook.office365.com
2016-10-04 15:28:35,544 - outlookclient - INFO - Getting ITS email ids
2016-10-04 15:28:35,544 - outlookclient - INFO - Attempting select Notes
2016-10-04 15:28:35,948 - outlookclient - INFO - Submitting IMAP search query [None, 'ALL', 'FROM', 'atat@ALBANY.EDU', 'SINCE', '10-Aug-2010', 'BEFORE', '10-Dec-3005']
2016-10-04 15:28:36,546 - outlookclient - INFO - 3393 ids retrieved
2016-10-04 15:28:36,547 - outlookclient - INFO - Creating iter for 20 emails from 3393 ITS email ids
2016-10-04 15:28:36,547 - outlookclient - INFO - Yielding info from ITS email iterator
2016-10-04 15:28:36,548 - outlookclient - INFO - Iterating through emails for authenticity, and information
2016-10-04 15:28:36,548 - outlookclient - INFO - Reduced ids to 20 id(s)
2016-10-04 15:28:38,377 - outlookclient - INFO - Fetching success, yielding 40 emails
2016-10-04 15:29:25,662 - outlookclient - INFO - <class '__main__.outlookclient'> object initialized
2016-10-04 15:29:25,663 - outlookclient - INFO - Initializing imap client
2016-10-04 15:29:26,038 - outlookclient - INFO - Attempting login with username and password in config file
2016-10-04 15:29:26,039 - outlookclient - INFO - Attempting login #1.
2016-10-04 15:29:27,247 - outlookclient - INFO - Login Success to outlook.office365.com
2016-10-04 15:29:27,248 - outlookclient - INFO - Getting ITS email ids
2016-10-04 15:29:27,248 - outlookclient - INFO - Attempting select Notes
2016-10-04 15:29:27,605 - outlookclient - INFO - Submitting IMAP search query [None, 'ALL', 'FROM', 'atat@ALBANY.EDU', 'SINCE', '10-Aug-2010', 'BEFORE', '10-Dec-3005']
2016-10-04 15:29:27,943 - outlookclient - INFO - 3393 ids retrieved
2016-10-04 15:29:27,943 - outlookclient - INFO - Creating iter for 20 emails from 3393 ITS email ids
2016-10-04 15:29:27,944 - outlookclient - INFO - Yielding info from ITS email iterator
2016-10-04 15:29:27,944 - outlookclient - INFO - Iterating through emails for authenticity, and information
2016-10-04 15:29:27,944 - outlookclient - INFO - Reduced ids to 20 id(s)
2016-10-04 15:29:28,894 - outlookclient - INFO - Fetching success, yielding 40 emails
2016-10-04 15:29:42,584 - outlookclient - INFO - <class '__main__.outlookclient'> object initialized
2016-10-04 15:29:42,584 - outlookclient - INFO - Initializing imap client
2016-10-04 15:30:08,734 - outlookclient - ERROR - Keyboard Interrupt, Stopping program
2016-10-04 15:30:13,040 - outlookclient - INFO - <class '__main__.outlookclient'> object initialized
2016-10-04 15:30:13,041 - outlookclient - INFO - Initializing imap client
2016-10-04 15:30:13,778 - outlookclient - INFO - Attempting login with username and password in config file
2016-10-04 15:30:13,779 - outlookclient - INFO - Attempting login #1.
2016-10-04 15:30:15,273 - outlookclient - INFO - Login Success to outlook.office365.com
2016-10-04 15:30:15,274 - outlookclient - INFO - Getting ITS email ids
2016-10-04 15:30:15,274 - outlookclient - INFO - Attempting select Notes
2016-10-04 15:30:15,862 - outlookclient - INFO - Submitting IMAP search query [None, 'ALL', 'FROM', 'atat@ALBANY.EDU', 'SINCE', '10-Aug-2010', 'BEFORE', '10-Dec-3005']
2016-10-04 15:30:16,344 - outlookclient - INFO - 3393 ids retrieved
2016-10-04 15:30:16,344 - outlookclient - INFO - Creating iter for 20 emails from 3393 ITS email ids
2016-10-04 15:30:16,344 - outlookclient - INFO - Yielding info from ITS email iterator
2016-10-04 15:30:16,345 - outlookclient - INFO - Iterating through emails for authenticity, and information
2016-10-04 15:30:16,345 - outlookclient - INFO - Reduced ids to 20 id(s)
2016-10-04 15:30:17,110 - outlookclient - INFO - Fetching success, yielding 40 emails
2016-10-04 15:30:29,288 - outlookclient - INFO - <class '__main__.outlookclient'> object initialized
2016-10-04 15:30:29,289 - outlookclient - INFO - Initializing imap client
2016-10-04 15:30:29,621 - outlookclient - INFO - Attempting login with username and password in config file
2016-10-04 15:30:29,622 - outlookclient - INFO - Attempting login #1.
2016-10-04 15:30:30,980 - outlookclient - INFO - Login Success to outlook.office365.com
2016-10-04 15:30:30,980 - outlookclient - INFO - Getting ITS email ids
2016-10-04 15:30:30,981 - outlookclient - INFO - Attempting select Notes
2016-10-04 15:30:31,422 - outlookclient - INFO - Submitting IMAP search query [None, 'ALL', 'FROM', 'atat@ALBANY.EDU', 'SINCE', '10-Aug-2010', 'BEFORE', '10-Dec-3005']
2016-10-04 15:30:31,808 - outlookclient - INFO - 3393 ids retrieved
2016-10-04 15:30:31,809 - outlookclient - INFO - Creating iter for 20 emails from 3393 ITS email ids
2016-10-04 15:30:31,809 - outlookclient - INFO - Yielding info from ITS email iterator
2016-10-04 15:30:31,810 - outlookclient - INFO - Iterating through emails for authenticity, and information
2016-10-04 15:30:31,811 - outlookclient - INFO - Reduced ids to 20 id(s)
2016-10-04 15:30:32,837 - outlookclient - INFO - Fetching success, yielding 40 emails
2016-10-04 15:30:32,920 - outlookclient - INFO - Finish iterating through emails. Authentic: 10, Non Authentic: 10
2016-10-04 15:43:57,749 - outlookclient - INFO - <class '__main__.outlookclient'> object initialized
2016-10-04 15:43:57,751 - outlookclient - INFO - Initializing imap client
2016-10-04 15:43:58,173 - outlookclient - INFO - Attempting login with username and password in config file
2016-10-04 15:43:58,173 - outlookclient - INFO - Attempting login #1.
2016-10-04 15:43:59,516 - outlookclient - INFO - Login Success to outlook.office365.com
2016-10-04 15:43:59,517 - outlookclient - INFO - Getting ITS email ids
2016-10-04 15:43:59,517 - outlookclient - INFO - Attempting select Notes
2016-10-04 15:43:59,891 - outlookclient - INFO - Submitting IMAP search query [None, 'ALL', 'FROM', 'atat@ALBANY.EDU', 'SINCE', '10-Aug-2010', 'BEFORE', '10-Dec-3005']
2016-10-04 15:44:00,260 - outlookclient - INFO - 3394 ids retrieved
2016-10-04 15:44:00,260 - outlookclient - INFO - Creating iter for 20 emails from 3394 ITS email ids
2016-10-04 15:44:00,260 - outlookclient - INFO - Yielding info from ITS email iterator
2016-10-04 15:44:00,260 - outlookclient - INFO - Iterating through emails for authenticity, and information
2016-10-04 15:44:00,261 - outlookclient - INFO - Reduced ids to 20 id(s)
2016-10-04 15:44:01,367 - outlookclient - INFO - Fetching success, yielding 40 emails
2016-10-04 15:44:01,448 - outlookclient - INFO - Finish iterating through emails. Authentic: 10, Non Authentic: 10
2016-10-04 15:44:15,778 - outlookclient - INFO - <class '__main__.outlookclient'> object initialized
2016-10-04 15:44:15,779 - outlookclient - INFO - Initializing imap client
2016-10-04 15:44:16,112 - outlookclient - INFO - Attempting login with username and password in config file
2016-10-04 15:44:16,112 - outlookclient - INFO - Attempting login #1.
2016-10-04 15:44:17,180 - outlookclient - INFO - Login Success to outlook.office365.com
2016-10-04 15:44:17,181 - outlookclient - INFO - Getting ITS email ids
2016-10-04 15:44:17,182 - outlookclient - INFO - Attempting select Notes
2016-10-04 15:44:17,795 - outlookclient - INFO - Submitting IMAP search query [None, 'ALL', 'FROM', 'atat@ALBANY.EDU', 'SINCE', '10-Aug-2010', 'BEFORE', '10-Dec-3005']
2016-10-04 15:44:18,152 - outlookclient - INFO - 3394 ids retrieved
2016-10-04 15:44:18,155 - outlookclient - INFO - Creating iter for 20 emails from 3394 ITS email ids
2016-10-04 15:44:18,157 - outlookclient - INFO - Yielding info from ITS email iterator
2016-10-04 15:44:18,177 - outlookclient - INFO - Iterating through emails for authenticity, and information
2016-10-04 15:44:18,179 - outlookclient - INFO - Reduced ids to 20 id(s)
2016-10-04 15:44:19,626 - outlookclient - INFO - Fetching success, yielding 40 emails
2016-10-04 15:44:19,707 - outlookclient - INFO - Finish iterating through emails. Authentic: 10, Non Authentic: 10
2016-10-04 15:44:36,791 - outlookclient - INFO - <class '__main__.outlookclient'> object initialized
2016-10-04 15:44:36,791 - outlookclient - INFO - Initializing imap client
2016-10-04 15:44:37,320 - outlookclient - INFO - Attempting login with username and password in config file
2016-10-04 15:44:37,321 - outlookclient - INFO - Attempting login #1.
2016-10-04 15:44:38,894 - outlookclient - INFO - Login Success to outlook.office365.com
2016-10-04 15:44:38,897 - outlookclient - INFO - Getting ITS email ids
2016-10-04 15:44:38,899 - outlookclient - INFO - Attempting select Notes
2016-10-04 15:44:39,519 - outlookclient - INFO - Submitting IMAP search query [None, 'ALL', 'FROM', 'atat@ALBANY.EDU', 'SINCE', '10-Aug-2010', 'BEFORE', '10-Dec-3005']
2016-10-04 15:44:39,935 - outlookclient - INFO - 3394 ids retrieved
2016-10-04 15:44:39,936 - outlookclient - INFO - Creating iter for 20 emails from 3394 ITS email ids
2016-10-04 15:44:39,936 - outlookclient - INFO - Yielding info from ITS email iterator
2016-10-04 15:44:39,936 - outlookclient - INFO - Iterating through emails for authenticity, and information
2016-10-04 15:44:39,936 - outlookclient - INFO - Reduced ids to 20 id(s)
2016-10-04 15:44:40,808 - outlookclient - INFO - Fetching success, yielding 40 emails
2016-10-04 15:44:40,872 - outlookclient - INFO - Finish iterating through emails. Authentic: 10, Non Authentic: 10
2016-10-04 15:45:06,246 - outlookclient - INFO - <class '__main__.outlookclient'> object initialized
2016-10-04 15:45:06,248 - outlookclient - INFO - Initializing imap client
2016-10-04 15:45:06,442 - outlookclient - INFO - Attempting login with username and password in config file
2016-10-04 15:45:06,442 - outlookclient - INFO - Attempting login #1.
2016-10-04 15:45:08,237 - outlookclient - INFO - Login Success to outlook.office365.com
2016-10-04 15:45:08,238 - outlookclient - INFO - Getting ITS email ids
2016-10-04 15:45:08,239 - outlookclient - INFO - Attempting select Notes
2016-10-04 15:45:08,595 - outlookclient - INFO - Submitting IMAP search query [None, 'ALL', 'FROM', 'atat@ALBANY.EDU', 'SINCE', '10-Aug-2010', 'BEFORE', '10-Dec-3005']
2016-10-04 15:45:08,937 - outlookclient - INFO - 3394 ids retrieved
2016-10-04 15:45:08,938 - outlookclient - INFO - Creating iter for 20 emails from 3394 ITS email ids
2016-10-04 15:45:08,939 - outlookclient - INFO - Yielding info from ITS email iterator
2016-10-04 15:45:08,939 - outlookclient - INFO - Iterating through emails for authenticity, and information
2016-10-04 15:45:08,939 - outlookclient - INFO - Reduced ids to 20 id(s)
2016-10-04 15:45:10,046 - outlookclient - INFO - Fetching success, yielding 40 emails
2016-10-04 15:45:10,141 - outlookclient - INFO - Finish iterating through emails. Authentic: 10, Non Authentic: 0
2016-10-04 15:46:58,594 - outlookclient - INFO - <class '__main__.outlookclient'> object initialized
2016-10-04 15:46:58,594 - outlookclient - INFO - Initializing imap client
2016-10-04 15:46:58,828 - outlookclient - INFO - Attempting login with username and password in config file
2016-10-04 15:46:58,828 - outlookclient - INFO - Attempting login #1.
2016-10-04 15:47:00,599 - outlookclient - INFO - Login Success to outlook.office365.com
2016-10-04 15:47:00,600 - outlookclient - INFO - Getting ITS email ids
2016-10-04 15:47:00,600 - outlookclient - INFO - Attempting select Notes
2016-10-04 15:47:00,989 - outlookclient - INFO - Submitting IMAP search query [None, 'ALL', 'FROM', 'atat@ALBANY.EDU', 'SINCE', '10-Aug-2010', 'BEFORE', '10-Dec-3005']
2016-10-04 15:47:01,393 - outlookclient - INFO - 3394 ids retrieved
2016-10-04 15:47:01,394 - outlookclient - INFO - Creating iter for 20 emails from 3394 ITS email ids
2016-10-04 15:47:01,394 - outlookclient - INFO - Yielding info from ITS email iterator
2016-10-04 15:47:01,395 - outlookclient - INFO - Iterating through emails for authenticity, and information
2016-10-04 15:47:01,395 - outlookclient - INFO - Reduced ids to 20 id(s)
2016-10-04 15:47:02,548 - outlookclient - INFO - Fetching success, yielding 40 emails
2016-10-04 15:47:02,685 - outlookclient - INFO - Finish iterating through emails. Authentic: 20, Non Authentic: 20
2016-10-04 15:47:57,815 - outlookclient - INFO - <class '__main__.outlookclient'> object initialized
2016-10-04 15:47:57,816 - outlookclient - INFO - Initializing imap client
2016-10-04 15:47:58,161 - outlookclient - INFO - Attempting login with username and password in config file
2016-10-04 15:47:58,162 - outlookclient - INFO - Attempting login #1.
2016-10-04 15:47:59,835 - outlookclient - INFO - Login Success to outlook.office365.com
2016-10-04 15:47:59,835 - outlookclient - INFO - Getting ITS email ids
2016-10-04 15:47:59,836 - outlookclient - INFO - Attempting select Notes
2016-10-04 15:48:00,266 - outlookclient - INFO - Submitting IMAP search query [None, 'ALL', 'FROM', 'atat@ALBANY.EDU', 'SINCE', '10-Aug-2010', 'BEFORE', '10-Dec-3005']
2016-10-04 15:48:00,774 - outlookclient - INFO - 3394 ids retrieved
2016-10-04 15:48:00,774 - outlookclient - INFO - Creating iter for 20 emails from 3394 ITS email ids
2016-10-04 15:48:00,774 - outlookclient - INFO - Yielding info from ITS email iterator
2016-10-04 15:48:00,775 - outlookclient - INFO - Iterating through emails for authenticity, and information
2016-10-04 15:48:00,775 - outlookclient - INFO - Reduced ids to 20 id(s)
2016-10-04 15:48:01,998 - outlookclient - INFO - Fetching success, yielding 20 emails
2016-10-04 15:48:02,129 - outlookclient - INFO - Finish iterating through emails. Authentic: 20, Non Authentic: 0
2016-10-04 15:49:15,832 - outlookclient - INFO - <class '__main__.outlookclient'> object initialized
2016-10-04 15:49:15,832 - outlookclient - INFO - Initializing imap client
2016-10-04 15:49:16,164 - outlookclient - INFO - Attempting login with username and password in config file
2016-10-04 15:49:16,166 - outlookclient - INFO - Attempting login #1.
2016-10-04 15:49:17,455 - outlookclient - INFO - Login Success to outlook.office365.com
2016-10-04 15:49:17,463 - outlookclient - INFO - Getting ITS email ids
2016-10-04 15:49:17,467 - outlookclient - INFO - Attempting select Notes
2016-10-04 15:49:17,828 - outlookclient - INFO - Submitting IMAP search query [None, 'ALL', 'FROM', 'atat@ALBANY.EDU', 'SINCE', '10-Aug-2010', 'BEFORE', '10-Dec-3005']
2016-10-04 15:49:18,217 - outlookclient - INFO - 3394 ids retrieved
2016-10-04 15:49:18,218 - outlookclient - INFO - Creating iter for 20 emails from 3394 ITS email ids
2016-10-04 15:49:18,218 - outlookclient - INFO - Yielding info from ITS email iterator
2016-10-04 15:49:18,218 - outlookclient - INFO - Iterating through emails for authenticity, and information
2016-10-04 15:49:18,219 - outlookclient - INFO - Reduced ids to 20 id(s)
2016-10-04 15:49:19,179 - outlookclient - INFO - Fetching success, yielding 20 emails
2016-10-04 15:49:19,336 - outlookclient - INFO - Finish iterating through emails. Authentic: 20, Non Authentic: 0
2016-10-04 15:50:31,974 - outlookclient - INFO - <class '__main__.outlookclient'> object initialized
2016-10-04 15:50:31,974 - outlookclient - INFO - Initializing imap client
2016-10-04 15:50:32,290 - outlookclient - INFO - Attempting login with username and password in config file
2016-10-04 15:50:32,290 - outlookclient - INFO - Attempting login #1.
2016-10-04 15:50:34,464 - outlookclient - INFO - Login Success to outlook.office365.com
2016-10-04 15:50:34,470 - outlookclient - INFO - Getting ITS email ids
2016-10-04 15:50:34,471 - outlookclient - INFO - Attempting select Notes
2016-10-04 15:50:34,838 - outlookclient - INFO - Submitting IMAP search query [None, 'ALL', 'FROM', 'atat@ALBANY.EDU', 'SINCE', '10-Aug-2010', 'BEFORE', '10-Dec-3005']
2016-10-04 15:50:35,387 - outlookclient - INFO - 3394 ids retrieved
2016-10-04 15:50:35,388 - outlookclient - INFO - Creating iter for 20 emails from 3394 ITS email ids
2016-10-04 15:50:35,388 - outlookclient - INFO - Yielding info from ITS email iterator
2016-10-04 15:50:35,388 - outlookclient - INFO - Iterating through emails for authenticity, and information
2016-10-04 15:50:35,388 - outlookclient - INFO - Reduced ids to 20 id(s)
2016-10-04 15:50:36,884 - outlookclient - INFO - Fetching success, yielding 20 emails
2016-10-04 15:50:37,021 - outlookclient - INFO - Finish iterating through emails. Authentic: 20, Non Authentic: 0
2016-10-04 18:53:46,654 - outlookclient - INFO - <class '__main__.outlookclient'> object initialized
2016-10-04 18:53:46,655 - outlookclient - INFO - Initializing imap client
2016-10-04 18:53:46,875 - outlookclient - INFO - Attempting login with username and password in config file
2016-10-04 18:53:46,876 - outlookclient - INFO - Attempting login #1.
2016-10-04 18:53:48,994 - outlookclient - INFO - Login Success to outlook.office365.com
2016-10-04 18:53:48,995 - outlookclient - INFO - Getting ITS email ids
2016-10-04 18:53:48,995 - outlookclient - INFO - Attempting select Notes
2016-10-04 18:53:49,933 - outlookclient - INFO - Submitting IMAP search query [None, 'ALL', 'FROM', 'atat@ALBANY.EDU', 'SINCE', '10-Aug-2010', 'BEFORE', '10-Dec-3005']
2016-10-04 18:53:50,258 - outlookclient - INFO - 3399 ids retrieved
2016-10-04 18:53:50,258 - outlookclient - INFO - Creating iter for 20 emails from 3399 ITS email ids
2016-10-04 18:53:50,258 - outlookclient - INFO - Yielding info from ITS email iterator
2016-10-04 18:53:50,258 - outlookclient - INFO - Iterating through emails for authenticity, and information
2016-10-04 18:53:50,259 - outlookclient - INFO - Reduced ids to 20 id(s)
2016-10-04 18:53:50,956 - outlookclient - INFO - Fetching success, yielding 20 emails
2016-10-04 18:53:51,056 - outlookclient - INFO - Finish iterating through emails. Authentic: 20, Non Authentic: 0
2016-10-05 12:41:15,329 - outlookclient - INFO - <class '__main__.outlookclient'> object initialized
2016-10-05 12:41:15,330 - outlookclient - INFO - Initializing imap client
2016-10-05 12:41:15,711 - outlookclient - INFO - Attempting login with username and password in config file
2016-10-05 12:41:15,713 - outlookclient - INFO - Attempting login #1.
2016-10-05 12:41:19,168 - outlookclient - INFO - Login Success to outlook.office365.com
2016-10-05 12:41:19,174 - outlookclient - INFO - Getting ITS email ids
2016-10-05 12:41:19,176 - outlookclient - INFO - Attempting select Notes
2016-10-05 12:41:19,781 - outlookclient - INFO - Submitting IMAP search query [None, 'ALL', 'FROM', 'atat@ALBANY.EDU', 'SINCE', '10-Aug-2010', 'BEFORE', '10-Dec-3005']
2016-10-05 12:41:20,254 - outlookclient - INFO - 3406 ids retrieved
2016-10-05 12:41:20,255 - outlookclient - INFO - Creating iter for 100 emails from 3406 ITS email ids
2016-10-05 12:41:20,255 - outlookclient - INFO - Yielding info from ITS email iterator
2016-10-05 12:41:20,256 - outlookclient - INFO - Iterating through emails for authenticity, and information
2016-10-05 12:41:20,256 - outlookclient - INFO - Reduced ids to 100 id(s)
2016-10-05 12:41:23,264 - outlookclient - INFO - Fetching success, yielding 100 emails
2016-10-05 12:41:23,710 - outlookclient - INFO - Finish iterating through emails. Authentic: 100, Non Authentic: 0
2016-10-05 12:43:21,036 - outlookclient - INFO - <class '__main__.outlookclient'> object initialized
2016-10-05 12:43:21,037 - outlookclient - INFO - Initializing imap client
2016-10-05 12:43:21,941 - outlookclient - INFO - Attempting login with username and password in config file
2016-10-05 12:43:21,941 - outlookclient - INFO - Attempting login #1.
2016-10-05 12:43:33,514 - outlookclient - INFO - Login Success to outlook.office365.com
2016-10-05 12:43:33,519 - outlookclient - INFO - Getting ITS email ids
2016-10-05 12:43:33,521 - outlookclient - INFO - Attempting select Notes
2016-10-05 12:43:33,923 - outlookclient - INFO - Submitting IMAP search query [None, 'ALL', 'FROM', 'atat@ALBANY.EDU', 'SINCE', '10-Aug-2010', 'BEFORE', '10-Dec-3005']
2016-10-05 12:43:34,433 - outlookclient - INFO - 3406 ids retrieved
2016-10-05 12:43:34,434 - outlookclient - INFO - Creating iter for 100 emails from 3406 ITS email ids
2016-10-05 12:43:34,434 - outlookclient - INFO - Yielding info from ITS email iterator
2016-10-05 12:43:34,434 - outlookclient - INFO - Iterating through emails for authenticity, and information
2016-10-05 12:43:34,434 - outlookclient - INFO - Reduced ids to 100 id(s)
2016-10-05 12:43:42,443 - outlookclient - INFO - <class '__main__.outlookclient'> object initialized
2016-10-05 12:43:42,444 - outlookclient - INFO - Initializing imap client
2016-10-05 12:43:42,835 - outlookclient - INFO - Attempting login with username and password in config file
2016-10-05 12:43:42,838 - outlookclient - INFO - Attempting login #1.
2016-10-05 12:43:44,283 - outlookclient - INFO - Login Success to outlook.office365.com
2016-10-05 12:43:44,284 - outlookclient - INFO - Getting ITS email ids
2016-10-05 12:43:44,284 - outlookclient - INFO - Attempting select Notes
2016-10-05 12:43:44,654 - outlookclient - INFO - Submitting IMAP search query [None, 'ALL', 'FROM', 'atat@ALBANY.EDU', 'SINCE', '10-Aug-2010', 'BEFORE', '10-Dec-3005']
2016-10-05 12:43:44,999 - outlookclient - INFO - 3406 ids retrieved
2016-10-05 12:43:45,000 - outlookclient - INFO - Creating iter for 100 emails from 3406 ITS email ids
2016-10-05 12:43:45,000 - outlookclient - INFO - Yielding info from ITS email iterator
2016-10-05 12:43:45,000 - outlookclient - INFO - Iterating through emails for authenticity, and information
2016-10-05 12:43:45,000 - outlookclient - INFO - Reduced ids to 100 id(s)
2016-10-05 12:43:47,546 - outlookclient - INFO - Fetching success, yielding 100 emails
2016-10-05 12:43:48,090 - outlookclient - INFO - Finish iterating through emails. Authentic: 100, Non Authentic: 0
2016-10-05 17:48:51,389 - outlookclient - INFO - <class '__main__.outlookclient'> object initialized
2016-10-05 17:48:51,391 - outlookclient - INFO - Initializing imap client
2016-10-05 17:48:58,582 - outlookclient - INFO - Attempting login with username and password in config file
2016-10-05 17:48:58,583 - outlookclient - INFO - Attempting login #1.
2016-10-05 17:49:00,903 - outlookclient - INFO - Login Success to outlook.office365.com
2016-10-05 17:49:00,904 - outlookclient - INFO - Getting ITS email ids
2016-10-05 17:49:00,904 - outlookclient - INFO - Attempting select Notes
2016-10-05 17:49:01,652 - outlookclient - INFO - Submitting IMAP search query [None, 'ALL', 'FROM', 'atat@ALBANY.EDU', 'SINCE', '10-Aug-2010', 'BEFORE', '10-Dec-3005']
2016-10-05 17:49:02,082 - outlookclient - INFO - 3408 ids retrieved
2016-10-05 17:49:02,082 - outlookclient - INFO - Creating iter for 100 emails from 3408 ITS email ids
2016-10-05 17:49:02,082 - outlookclient - INFO - Yielding info from ITS email iterator
2016-10-05 17:49:02,083 - outlookclient - INFO - Iterating through emails for authenticity, and information
2016-10-05 17:49:02,083 - outlookclient - INFO - Reduced ids to 100 id(s)
2016-10-05 17:49:04,726 - outlookclient - INFO - Fetching success, yielding 100 emails
2016-10-05 17:49:05,215 - outlookclient - INFO - Finish iterating through emails. Authentic: 100, Non Authentic: 0
2016-10-05 21:17:58,335 - outlookclient - INFO - <class '__main__.outlookclient'> object initialized
2016-10-05 21:17:58,336 - outlookclient - INFO - Initializing imap client
2016-10-05 21:17:58,707 - outlookclient - INFO - Attempting login with username and password in config file
2016-10-05 21:17:58,708 - outlookclient - INFO - Attempting login #1.
2016-10-05 21:18:03,417 - outlookclient - INFO - Login Success to outlook.office365.com
2016-10-05 21:18:03,429 - outlookclient - INFO - Getting ITS email ids
2016-10-05 21:18:03,431 - outlookclient - INFO - Attempting select Notes
2016-10-05 21:18:04,026 - outlookclient - INFO - Submitting IMAP search query [None, 'ALL', 'FROM', 'atat@ALBANY.EDU', 'SINCE', '10-Aug-2010', 'BEFORE', '10-Dec-3005']
2016-10-05 21:18:04,611 - outlookclient - INFO - 3408 ids retrieved
2016-10-05 21:18:04,612 - outlookclient - INFO - Creating iter for 100 emails from 3408 ITS email ids
2016-10-05 21:18:04,612 - outlookclient - INFO - Yielding info from ITS email iterator
2016-10-05 21:18:04,613 - outlookclient - INFO - Iterating through emails for authenticity, and information
2016-10-05 21:18:04,613 - outlookclient - INFO - Reduced ids to 100 id(s)
2016-10-05 21:18:08,131 - outlookclient - INFO - Fetching success, yielding 100 emails
2016-10-05 21:18:08,551 - outlookclient - INFO - Finish iterating through emails. Authentic: 100, Non Authentic: 0
2016-10-06 08:51:47,893 - outlookclient - INFO - <class '__main__.outlookclient'> object initialized
2016-10-06 08:51:47,894 - outlookclient - INFO - Initializing imap client
2016-10-06 08:51:48,254 - outlookclient - INFO - Attempting login with username and password in config file
2016-10-06 08:51:48,257 - outlookclient - INFO - Attempting login #1.
2016-10-06 08:51:49,757 - outlookclient - INFO - Login Success to outlook.office365.com
2016-10-06 08:51:49,762 - outlookclient - INFO - Getting ITS email ids
2016-10-06 08:51:49,764 - outlookclient - INFO - Attempting select Notes
2016-10-06 08:51:50,641 - outlookclient - INFO - Submitting IMAP search query [None, 'ALL', 'FROM', 'atat@ALBANY.EDU', 'SINCE', '10-Aug-2010', 'BEFORE', '10-Dec-3005']
2016-10-06 08:51:51,036 - outlookclient - INFO - 3418 ids retrieved
2016-10-06 08:51:51,037 - outlookclient - INFO - Creating iter for 100 emails from 3418 ITS email ids
2016-10-06 08:51:51,037 - outlookclient - INFO - Yielding info from ITS email iterator
2016-10-06 08:51:51,037 - outlookclient - INFO - Iterating through emails for authenticity, and information
2016-10-06 08:51:51,038 - outlookclient - INFO - Reduced ids to 100 id(s)
2016-10-06 08:51:54,240 - outlookclient - INFO - Fetching success, yielding 100 emails
2016-10-06 08:51:54,747 - outlookclient - INFO - Finish iterating through emails. Authentic: 100, Non Authentic: 0
2016-10-06 16:03:13,236 - outlookclient - INFO - <class '__main__.outlookclient'> object initialized
2016-10-06 16:03:13,239 - outlookclient - INFO - Initializing imap client
2016-10-06 16:03:13,743 - outlookclient - INFO - Attempting login with username and password in config file
2016-10-06 16:03:13,746 - outlookclient - INFO - Attempting login #1.
2016-10-06 16:03:16,589 - outlookclient - INFO - Login Success to outlook.office365.com
2016-10-06 16:03:16,595 - outlookclient - INFO - Getting ITS email ids
2016-10-06 16:03:16,599 - outlookclient - INFO - Attempting select Notes
2016-10-06 16:03:17,746 - outlookclient - INFO - Submitting IMAP search query [None, 'ALL', 'FROM', 'atat@ALBANY.EDU', 'SINCE', '10-Aug-2010', 'BEFORE', '10-Dec-3005']
2016-10-06 16:03:18,197 - outlookclient - INFO - 3434 ids retrieved
2016-10-06 16:03:18,200 - outlookclient - INFO - Creating iter for 10 emails from 3434 ITS email ids
2016-10-06 16:03:18,202 - outlookclient - INFO - Yielding info from ITS email iterator
2016-10-06 16:03:18,202 - outlookclient - INFO - Iterating through emails for authenticity, and information
2016-10-06 16:03:18,202 - outlookclient - INFO - Reduced ids to 10 id(s)
2016-10-06 16:03:18,611 - outlookclient - INFO - Fetching success, yielding 10 emails
2016-10-06 16:03:18,697 - outlookclient - INFO - Finish iterating through emails. Authentic: 10, Non Authentic: 0
2016-10-06 16:03:37,402 - outlookclient - INFO - <class '__main__.outlookclient'> object initialized
2016-10-06 16:03:37,403 - outlookclient - INFO - Initializing imap client
2016-10-06 16:03:37,579 - outlookclient - INFO - Attempting login with username and password in config file
2016-10-06 16:03:37,580 - outlookclient - INFO - Attempting login #1.
2016-10-06 16:03:39,146 - outlookclient - INFO - Login Success to outlook.office365.com
2016-10-06 16:03:39,147 - outlookclient - INFO - Getting ITS email ids
2016-10-06 16:03:39,147 - outlookclient - INFO - Attempting select Notes
2016-10-06 16:03:39,566 - outlookclient - INFO - Submitting IMAP search query [None, 'ALL', 'FROM', 'atat@ALBANY.EDU', 'SINCE', '10-Aug-2010', 'BEFORE', '10-Dec-3005']
2016-10-06 16:03:39,891 - outlookclient - INFO - 3434 ids retrieved
2016-10-06 16:03:39,892 - outlookclient - INFO - Creating iter for 10 emails from 3434 ITS email ids
2016-10-06 16:03:39,892 - outlookclient - INFO - Yielding info from ITS email iterator
2016-10-06 16:03:39,893 - outlookclient - INFO - Iterating through emails for authenticity, and information
2016-10-06 16:03:39,893 - outlookclient - INFO - Reduced ids to 10 id(s)
2016-10-06 16:03:40,268 - outlookclient - INFO - Fetching success, yielding 10 emails
2016-10-06 16:03:40,340 - outlookclient - INFO - Finish iterating through emails. Authentic: 10, Non Authentic: 0
2016-10-13 21:08:47,435 - outlookclient - INFO - <class '__main__.outlookclient'> object initialized
2016-10-13 21:08:47,436 - outlookclient - INFO - Initializing imap client
2016-10-13 21:08:47,836 - outlookclient - INFO - Attempting login with username and password in config file
2016-10-13 21:08:47,836 - outlookclient - INFO - Attempting login #1.
2016-10-13 21:08:49,541 - outlookclient - INFO - Login Success to outlook.office365.com
2016-10-13 21:08:49,543 - outlookclient - INFO - Getting ITS email ids
2016-10-13 21:08:49,543 - outlookclient - INFO - Attempting select Notes
2016-10-13 21:08:49,950 - outlookclient - INFO - Submitting IMAP search query [None, 'ALL', 'FROM', 'atat@ALBANY.EDU', 'SINCE', '10-Aug-2010', 'BEFORE', '10-Dec-3005']
2016-10-13 21:08:50,926 - outlookclient - INFO - 3525 ids retrieved
2016-10-13 21:08:50,927 - outlookclient - INFO - Creating iter for 10 emails from 3525 ITS email ids
2016-10-13 21:08:50,927 - outlookclient - INFO - Yielding info from ITS email iterator
2016-10-13 21:08:50,927 - outlookclient - INFO - Iterating through emails for authenticity, and information
2016-10-13 21:08:50,927 - outlookclient - INFO - Reduced ids to 10 id(s)
2016-10-13 21:08:51,302 - outlookclient - INFO - Fetching success, yielding 10 emails
2016-10-13 21:08:51,400 - outlookclient - INFO - Finish iterating through emails. Authentic: 10, Non Authentic: 0
2016-10-13 21:18:13,084 - outlookclient - INFO - <class '__main__.outlookclient'> object initialized
2016-10-13 21:18:13,084 - outlookclient - INFO - Initializing imap client
2016-10-13 21:18:13,290 - outlookclient - INFO - Attempting login with username and password in config file
2016-10-13 21:18:13,291 - outlookclient - INFO - Attempting login #1.
2016-10-13 21:18:14,878 - outlookclient - INFO - Login Success to outlook.office365.com
2016-10-13 21:18:14,878 - outlookclient - INFO - Getting ITS email ids
2016-10-13 21:18:14,879 - outlookclient - INFO - Attempting select Notes
2016-10-13 21:18:15,290 - outlookclient - INFO - Submitting IMAP search query [None, 'ALL', 'FROM', 'atat@ALBANY.EDU', 'SINCE', '10-Aug-2010', 'BEFORE', '10-Dec-3005']
2016-10-13 21:18:15,648 - outlookclient - INFO - 3525 ids retrieved
2016-10-13 21:18:15,651 - outlookclient - INFO - Creating iter for 10 emails from 3525 ITS email ids
2016-10-13 21:18:15,654 - outlookclient - INFO - Yielding info from ITS email iterator
2016-10-13 21:18:15,656 - outlookclient - INFO - Iterating through emails for authenticity, and information
2016-10-13 21:18:15,658 - outlookclient - INFO - Reduced ids to 10 id(s)
2016-10-13 21:18:16,050 - outlookclient - INFO - Fetching success, yielding 10 emails
2016-10-13 21:18:16,142 - outlookclient - INFO - Finish iterating through emails. Authentic: 10, Non Authentic: 0
2016-10-16 15:14:16,279 - outlookclient - INFO - <class '__main__.outlookclient'> object initialized
2016-10-16 15:14:16,280 - outlookclient - INFO - Initializing imap client
2016-10-16 15:14:16,479 - outlookclient - INFO - Attempting login with username and password in config file
2016-10-16 15:14:16,481 - outlookclient - INFO - Attempting login #1.
2016-10-16 15:14:19,743 - outlookclient - INFO - Login Success to outlook.office365.com
2016-10-16 15:14:19,748 - outlookclient - INFO - Getting ITS email ids
2016-10-16 15:14:19,750 - outlookclient - INFO - Attempting select Notes
2016-10-16 15:14:20,551 - outlookclient - INFO - Submitting IMAP search query [None, 'ALL', 'FROM', 'atat@ALBANY.EDU', 'SINCE', '10-Aug-2010', 'BEFORE', '10-Dec-3005']
2016-10-16 15:14:20,934 - outlookclient - INFO - 3537 ids retrieved
2016-10-16 15:14:20,936 - outlookclient - INFO - Creating iter for 10 emails from 3537 ITS email ids
2016-10-16 15:14:20,938 - outlookclient - INFO - Yielding info from ITS email iterator
2016-10-16 15:14:20,941 - outlookclient - INFO - Iterating through emails for authenticity, and information
2016-10-16 15:14:20,943 - outlookclient - INFO - Reduced ids to 10 id(s)
2016-10-16 15:14:21,475 - outlookclient - INFO - Fetching success, yielding 10 emails
2016-10-16 15:14:21,606 - outlookclient - INFO - Finish iterating through emails. Authentic: 10, Non Authentic: 0
2016-10-18 14:04:56,101 - outlookclient - INFO - <class '__main__.outlookclient'> object initialized
2016-10-18 14:04:56,104 - outlookclient - INFO - Initializing imap client
2016-10-18 14:04:56,320 - outlookclient - INFO - Attempting login with username and password in config file
2016-10-18 14:04:56,322 - outlookclient - INFO - Attempting login #1.
2016-10-18 14:05:01,219 - outlookclient - INFO - Login Success to outlook.office365.com
2016-10-18 14:05:01,220 - outlookclient - INFO - Attempting select Inbox
2016-10-18 14:05:12,123 - outlookclient - INFO - <class '__main__.outlookclient'> object initialized
2016-10-18 14:05:12,123 - outlookclient - INFO - Initializing imap client
2016-10-18 14:05:12,468 - outlookclient - INFO - Attempting login with username and password in config file
2016-10-18 14:05:12,473 - outlookclient - INFO - Attempting login #1.
2016-10-18 14:05:13,933 - outlookclient - INFO - Login Success to outlook.office365.com
2016-10-18 14:05:13,934 - outlookclient - INFO - Attempting select Inbox
2016-10-18 14:05:21,049 - outlookclient - INFO - <class '__main__.outlookclient'> object initialized
2016-10-18 14:05:21,049 - outlookclient - INFO - Initializing imap client
2016-10-18 14:05:21,272 - outlookclient - INFO - Attempting login with username and password in config file
2016-10-18 14:05:21,273 - outlookclient - INFO - Attempting login #1.
2016-10-18 14:05:22,715 - outlookclient - INFO - Login Success to outlook.office365.com
2016-10-18 14:05:22,716 - outlookclient - INFO - Attempting select Inbox
2016-10-18 14:05:47,168 - outlookclient - INFO - <class '__main__.outlookclient'> object initialized
2016-10-18 14:05:47,169 - outlookclient - INFO - Initializing imap client
2016-10-18 14:05:47,559 - outlookclient - INFO - Attempting login with username and password in config file
2016-10-18 14:05:47,560 - outlookclient - INFO - Attempting login #1.
2016-10-18 14:05:48,969 - outlookclient - INFO - Login Success to outlook.office365.com
2016-10-18 14:05:48,970 - outlookclient - INFO - Attempting select Inbox
2016-10-18 14:06:01,631 - outlookclient - INFO - <class '__main__.outlookclient'> object initialized
2016-10-18 14:06:01,632 - outlookclient - INFO - Initializing imap client
2016-10-18 14:06:02,079 - outlookclient - INFO - Attempting login with username and password in config file
2016-10-18 14:06:02,080 - outlookclient - INFO - Attempting login #1.
2016-10-18 14:06:04,115 - outlookclient - ERROR - Attempt #1, login failure: LOGIN failed.
2016-10-18 14:06:04,119 - outlookclient - INFO - Attempting login #2.
2016-10-18 14:06:05,183 - outlookclient - ERROR - Attempt #2, login failure: LOGIN failed.
2016-10-18 14:06:05,184 - outlookclient - INFO - Attempting login #3.
2016-10-18 14:06:06,203 - outlookclient - ERROR - Attempt #3, login failure: LOGIN failed.
2016-10-18 14:06:06,204 - outlookclient - ERROR - Attempting select without login. NO RESPONSE
2016-10-18 14:08:30,476 - outlookclient - INFO - <class '__main__.outlookclient'> object initialized
2016-10-18 14:08:30,477 - outlookclient - INFO - Initializing imap client
2016-10-18 14:10:10,884 - outlookclient - ERROR - Keyboard Interrupt, Stopping program
2016-10-18 14:10:39,138 - outlookclient - INFO - <class '__main__.outlookclient'> object initialized
2016-10-18 14:10:39,138 - outlookclient - INFO - Initializing imap client
2016-10-18 14:10:39,671 - outlookclient - INFO - Attempting login with username and password in config file
2016-10-18 14:10:39,673 - outlookclient - INFO - Attempting login #1.
2016-10-18 14:10:41,950 - outlookclient - ERROR - Attempt #1, login failure: LOGIN failed.
2016-10-18 14:10:41,951 - outlookclient - INFO - Attempting login #2.
2016-10-18 14:10:42,834 - outlookclient - ERROR - Attempt #2, login failure: LOGIN failed.
2016-10-18 14:10:42,835 - outlookclient - INFO - Attempting login #3.
2016-10-18 14:10:43,709 - outlookclient - ERROR - Attempt #3, login failure: LOGIN failed.
2016-10-18 14:10:43,714 - outlookclient - ERROR - Attempting select without login. NO RESPONSE
2016-10-18 14:11:02,354 - outlookclient - INFO - <class '__main__.outlookclient'> object initialized
2016-10-18 14:11:02,354 - outlookclient - INFO - Initializing imap client
2016-10-18 14:11:02,923 - outlookclient - INFO - Attempting login with username and password in config file
2016-10-18 14:11:02,925 - outlookclient - INFO - Attempting login #1.
2016-10-18 14:11:04,755 - outlookclient - ERROR - Attempt #1, login failure: LOGIN failed.
2016-10-18 14:11:04,763 - outlookclient - INFO - Attempting login #2.
2016-10-18 14:11:05,324 - outlookclient - ERROR - Attempt #2, login failure: LOGIN failed.
2016-10-18 14:11:05,325 - outlookclient - INFO - Attempting login #3.
2016-10-18 14:11:05,966 - outlookclient - ERROR - Attempt #3, login failure: LOGIN failed.
2016-10-18 14:11:05,971 - outlookclient - ERROR - Attempting select without login. NO RESPONSE
2016-11-08 08:51:18,377 - outlookclient - INFO - <class '__main__.outlookclient'> object initialized
2016-11-08 08:51:18,378 - outlookclient - INFO - Initializing imap client
2016-11-08 08:51:18,882 - outlookclient - INFO - Attempting login with username and password in config file
2016-11-08 08:51:18,883 - outlookclient - INFO - Attempting login #1.
2016-11-08 08:51:27,705 - outlookclient - INFO - Login Success to outlook.office365.com
2016-11-08 08:51:27,705 - outlookclient - INFO - Attempting select Inbox
2016-11-08 09:38:00,065 - outlookclient - INFO - <class '__main__.outlookclient'> object initialized
2016-11-08 09:38:00,066 - outlookclient - INFO - Initializing imap client
2016-11-08 09:38:00,470 - outlookclient - INFO - Attempting login with username and password in config file
2016-11-08 09:38:00,471 - outlookclient - INFO - Attempting login #1.
2016-11-08 09:38:01,964 - outlookclient - INFO - Login Success to outlook.office365.com
2016-11-08 09:38:01,964 - outlookclient - INFO - Attempting select Inbox
2016-11-24 20:51:09,742 - outlookclient - INFO - <class '__main__.outlookclient'> object initialized
2016-11-24 20:51:09,743 - outlookclient - INFO - Initializing imap client
2016-11-24 20:51:10,253 - outlookclient - INFO - Attempting login with username and password in config file
2016-11-24 20:51:10,254 - outlookclient - INFO - Attempting login #1.
2016-11-24 20:51:12,343 - outlookclient - INFO - Login Success to outlook.office365.com
2016-11-24 20:51:12,343 - outlookclient - INFO - Attempting select Inbox
